2023-04-21 01:59:14,634 INFO o.s.o.j.AbstractEntityManagerFactoryBean [Thread-19] Closing JPA EntityManagerFactory for persistence unit 'default'
2023-04-21 01:59:14,763 INFO c.z.h.HikariDataSource [Thread-19] HikariPool-5 - Shutdown initiated...
2023-04-21 01:59:14,784 INFO c.z.h.HikariDataSource [Thread-19] HikariPool-5 - Shutdown completed.
2023-04-21 01:59:15,838 INFO o.s.b.StartupInfoLogger [restartedMain] Starting CarsPortalApplication using Java 18.0.2.1 on LAPTOP-RBUQPOC8 with PID 14832 (C:\Users\LENOVO\Documents\MODULE 7 ADP\zeus\Cars-Portal\target\classes started by LENOVO in C:\Users\LENOVO\Documents\MODULE 7 ADP\zeus\Cars-Portal)
2023-04-21 01:59:15,839 DEBUG o.s.b.StartupInfoLogger [restartedMain] Running with Spring Boot v2.6.9, Spring v5.3.21
2023-04-21 01:59:15,840 INFO o.s.b.SpringApplication [restartedMain] No active profile set, falling back to 1 default profile: "default"
2023-04-21 01:59:16,203 INFO o.s.d.r.c.RepositoryConfigurationDelegate [restartedMain] Bootstrapping Spring Data JPA repositories in DEFAULT mode.
2023-04-21 01:59:16,221 INFO o.s.d.r.c.RepositoryConfigurationDelegate [restartedMain] Finished Spring Data repository scanning in 18 ms. Found 2 JPA repository interfaces.
2023-04-21 01:59:16,441 INFO o.s.b.w.e.t.TomcatWebServer [restartedMain] Tomcat initialized with port(s): 8080 (http)
2023-04-21 01:59:16,442 INFO o.a.j.l.DirectJDKLog [restartedMain] Initializing ProtocolHandler ["http-nio-8080"]
2023-04-21 01:59:16,442 INFO o.a.j.l.DirectJDKLog [restartedMain] Starting service [Tomcat]
2023-04-21 01:59:16,443 INFO o.a.j.l.DirectJDKLog [restartedMain] Starting Servlet engine: [Apache Tomcat/9.0.64]
2023-04-21 01:59:16,667 INFO o.a.j.l.DirectJDKLog [restartedMain] At least one JAR was scanned for TLDs yet contained no TLDs. Enable debug logging for this logger for a complete list of JARs that were scanned but no TLDs were found in them. Skipping unneeded JARs during scanning can improve startup time and JSP compilation time.
2023-04-21 01:59:16,670 INFO o.a.j.l.DirectJDKLog [restartedMain] Initializing Spring embedded WebApplicationContext
2023-04-21 01:59:16,670 INFO o.s.b.w.s.c.ServletWebServerApplicationContext [restartedMain] Root WebApplicationContext: initialization completed in 826 ms
2023-04-21 01:59:16,727 INFO o.h.j.i.u.LogHelper [restartedMain] HHH000204: Processing PersistenceUnitInfo [name: default]
2023-04-21 01:59:16,740 INFO c.z.h.HikariDataSource [restartedMain] HikariPool-6 - Starting...
2023-04-21 01:59:16,761 INFO c.z.h.HikariDataSource [restartedMain] HikariPool-6 - Start completed.
2023-04-21 01:59:16,763 INFO o.h.d.Dialect [restartedMain] HHH000400: Using dialect: org.hibernate.dialect.MySQL5Dialect
2023-04-21 01:59:16,940 INFO o.h.e.t.j.p.i.JtaPlatformInitiator [restartedMain] HHH000490: Using JtaPlatform implementation: [org.hibernate.engine.transaction.jta.platform.internal.NoJtaPlatform]
2023-04-21 01:59:16,940 INFO o.s.o.j.AbstractEntityManagerFactoryBean [restartedMain] Initialized JPA EntityManagerFactory for persistence unit 'default'
2023-04-21 01:59:17,031 WARN o.s.b.a.o.j.JpaBaseConfiguration$JpaWebConfiguration [restartedMain] spring.jpa.open-in-view is enabled by default. Therefore, database queries may be performed during view rendering. Explicitly configure spring.jpa.open-in-view to disable this warning
2023-04-21 01:59:17,095 INFO o.s.s.w.DefaultSecurityFilterChain [restartedMain] Will secure any request with [org.springframework.security.web.context.request.async.WebAsyncManagerIntegrationFilter@d90b312, org.springframework.security.web.context.SecurityContextPersistenceFilter@30341b48, org.springframework.security.web.header.HeaderWriterFilter@aa50cc4, org.springframework.security.web.csrf.CsrfFilter@1ee93d39, org.springframework.security.web.authentication.logout.LogoutFilter@43ae8c2e, org.springframework.security.web.authentication.UsernamePasswordAuthenticationFilter@2872e30, org.springframework.security.web.savedrequest.RequestCacheAwareFilter@9b90a29, org.springframework.security.web.servletapi.SecurityContextHolderAwareRequestFilter@2bd8e4f6, org.springframework.security.web.authentication.AnonymousAuthenticationFilter@34f1539b, org.springframework.security.web.session.SessionManagementFilter@6763e268, org.springframework.security.web.access.ExceptionTranslationFilter@6daa83c4, org.springframework.security.web.access.intercept.FilterSecurityInterceptor@6858b158]
2023-04-21 01:59:17,159 INFO o.s.b.a.w.s.WelcomePageHandlerMapping [restartedMain] Adding welcome page template: index
2023-04-21 01:59:17,218 INFO o.s.b.d.a.OptionalLiveReloadServer [restartedMain] LiveReload server is running on port 35729
2023-04-21 01:59:17,229 INFO o.a.j.l.DirectJDKLog [restartedMain] Starting ProtocolHandler ["http-nio-8080"]
2023-04-21 01:59:17,237 INFO o.s.b.w.e.t.TomcatWebServer [restartedMain] Tomcat started on port(s): 8080 (http) with context path ''
2023-04-21 01:59:17,243 INFO o.s.b.StartupInfoLogger [restartedMain] Started CarsPortalApplication in 1.496 seconds (JVM running for 8736.929)
2023-04-21 01:59:17,245 INFO o.s.b.d.a.ConditionEvaluationDeltaLoggingListener [restartedMain] Condition evaluation unchanged
2023-04-21 02:02:21,014 INFO o.s.o.j.AbstractEntityManagerFactoryBean [Thread-23] Closing JPA EntityManagerFactory for persistence unit 'default'
2023-04-21 02:02:21,015 INFO c.z.h.HikariDataSource [Thread-23] HikariPool-6 - Shutdown initiated...
2023-04-21 02:02:21,017 INFO c.z.h.HikariDataSource [Thread-23] HikariPool-6 - Shutdown completed.
2023-04-21 02:02:21,148 INFO o.s.b.StartupInfoLogger [restartedMain] Starting CarsPortalApplication using Java 18.0.2.1 on LAPTOP-RBUQPOC8 with PID 14832 (C:\Users\LENOVO\Documents\MODULE 7 ADP\zeus\Cars-Portal\target\classes started by LENOVO in C:\Users\LENOVO\Documents\MODULE 7 ADP\zeus\Cars-Portal)
2023-04-21 02:02:21,149 DEBUG o.s.b.StartupInfoLogger [restartedMain] Running with Spring Boot v2.6.9, Spring v5.3.21
2023-04-21 02:02:21,149 INFO o.s.b.SpringApplication [restartedMain] No active profile set, falling back to 1 default profile: "default"
2023-04-21 02:02:21,380 INFO o.s.d.r.c.RepositoryConfigurationDelegate [restartedMain] Bootstrapping Spring Data JPA repositories in DEFAULT mode.
2023-04-21 02:02:21,395 INFO o.s.d.r.c.RepositoryConfigurationDelegate [restartedMain] Finished Spring Data repository scanning in 14 ms. Found 2 JPA repository interfaces.
2023-04-21 02:02:21,531 INFO o.s.b.w.e.t.TomcatWebServer [restartedMain] Tomcat initialized with port(s): 8080 (http)
2023-04-21 02:02:21,533 INFO o.a.j.l.DirectJDKLog [restartedMain] Initializing ProtocolHandler ["http-nio-8080"]
2023-04-21 02:02:21,533 INFO o.a.j.l.DirectJDKLog [restartedMain] Starting service [Tomcat]
2023-04-21 02:02:21,534 INFO o.a.j.l.DirectJDKLog [restartedMain] Starting Servlet engine: [Apache Tomcat/9.0.64]
2023-04-21 02:02:21,665 INFO o.a.j.l.DirectJDKLog [restartedMain] At least one JAR was scanned for TLDs yet contained no TLDs. Enable debug logging for this logger for a complete list of JARs that were scanned but no TLDs were found in them. Skipping unneeded JARs during scanning can improve startup time and JSP compilation time.
2023-04-21 02:02:21,668 INFO o.a.j.l.DirectJDKLog [restartedMain] Initializing Spring embedded WebApplicationContext
2023-04-21 02:02:21,669 INFO o.s.b.w.s.c.ServletWebServerApplicationContext [restartedMain] Root WebApplicationContext: initialization completed in 517 ms
2023-04-21 02:02:21,732 INFO o.h.j.i.u.LogHelper [restartedMain] HHH000204: Processing PersistenceUnitInfo [name: default]
2023-04-21 02:02:21,740 INFO c.z.h.HikariDataSource [restartedMain] HikariPool-7 - Starting...
2023-04-21 02:02:21,745 INFO c.z.h.HikariDataSource [restartedMain] HikariPool-7 - Start completed.
2023-04-21 02:02:21,746 INFO o.h.d.Dialect [restartedMain] HHH000400: Using dialect: org.hibernate.dialect.MySQL5Dialect
2023-04-21 02:02:21,823 INFO o.h.e.t.j.p.i.JtaPlatformInitiator [restartedMain] HHH000490: Using JtaPlatform implementation: [org.hibernate.engine.transaction.jta.platform.internal.NoJtaPlatform]
2023-04-21 02:02:21,824 INFO o.s.o.j.AbstractEntityManagerFactoryBean [restartedMain] Initialized JPA EntityManagerFactory for persistence unit 'default'
2023-04-21 02:02:21,919 WARN o.s.b.a.o.j.JpaBaseConfiguration$JpaWebConfiguration [restartedMain] spring.jpa.open-in-view is enabled by default. Therefore, database queries may be performed during view rendering. Explicitly configure spring.jpa.open-in-view to disable this warning
2023-04-21 02:02:21,975 INFO o.s.s.w.DefaultSecurityFilterChain [restartedMain] Will secure any request with [org.springframework.security.web.context.request.async.WebAsyncManagerIntegrationFilter@40e98bf4, org.springframework.security.web.context.SecurityContextPersistenceFilter@14c8ceac, org.springframework.security.web.header.HeaderWriterFilter@46a0542, org.springframework.security.web.csrf.CsrfFilter@132aacfd, org.springframework.security.web.authentication.logout.LogoutFilter@7a3edcc7, org.springframework.security.web.authentication.UsernamePasswordAuthenticationFilter@4e65256b, org.springframework.security.web.savedrequest.RequestCacheAwareFilter@30a089f2, org.springframework.security.web.servletapi.SecurityContextHolderAwareRequestFilter@6434cab1, org.springframework.security.web.authentication.AnonymousAuthenticationFilter@2dae1f02, org.springframework.security.web.session.SessionManagementFilter@52c3cd4d, org.springframework.security.web.access.ExceptionTranslationFilter@1306f94e, org.springframework.security.web.access.intercept.FilterSecurityInterceptor@4e517fa]
2023-04-21 02:02:22,413 INFO o.s.b.a.w.s.WelcomePageHandlerMapping [restartedMain] Adding welcome page template: index
2023-04-21 02:02:22,465 INFO o.s.b.d.a.OptionalLiveReloadServer [restartedMain] LiveReload server is running on port 35729
2023-04-21 02:02:22,475 INFO o.a.j.l.DirectJDKLog [restartedMain] Starting ProtocolHandler ["http-nio-8080"]
2023-04-21 02:02:22,483 INFO o.s.b.w.e.t.TomcatWebServer [restartedMain] Tomcat started on port(s): 8080 (http) with context path ''
2023-04-21 02:02:22,491 INFO o.s.b.StartupInfoLogger [restartedMain] Started CarsPortalApplication in 1.394 seconds (JVM running for 8922.176)
2023-04-21 02:02:22,494 INFO o.s.b.d.a.ConditionEvaluationDeltaLoggingListener [restartedMain] Condition evaluation unchanged
2023-04-21 02:02:56,530 INFO o.s.o.j.AbstractEntityManagerFactoryBean [Thread-27] Closing JPA EntityManagerFactory for persistence unit 'default'
2023-04-21 02:02:56,531 INFO c.z.h.HikariDataSource [Thread-27] HikariPool-7 - Shutdown initiated...
2023-04-21 02:02:56,533 INFO c.z.h.HikariDataSource [Thread-27] HikariPool-7 - Shutdown completed.
2023-04-21 02:02:56,648 INFO o.s.b.StartupInfoLogger [restartedMain] Starting CarsPortalApplication using Java 18.0.2.1 on LAPTOP-RBUQPOC8 with PID 14832 (C:\Users\LENOVO\Documents\MODULE 7 ADP\zeus\Cars-Portal\target\classes started by LENOVO in C:\Users\LENOVO\Documents\MODULE 7 ADP\zeus\Cars-Portal)
2023-04-21 02:02:56,649 DEBUG o.s.b.StartupInfoLogger [restartedMain] Running with Spring Boot v2.6.9, Spring v5.3.21
2023-04-21 02:02:56,649 INFO o.s.b.SpringApplication [restartedMain] No active profile set, falling back to 1 default profile: "default"
2023-04-21 02:02:56,851 INFO o.s.d.r.c.RepositoryConfigurationDelegate [restartedMain] Bootstrapping Spring Data JPA repositories in DEFAULT mode.
2023-04-21 02:02:56,863 INFO o.s.d.r.c.RepositoryConfigurationDelegate [restartedMain] Finished Spring Data repository scanning in 12 ms. Found 2 JPA repository interfaces.
2023-04-21 02:02:56,962 INFO o.s.b.w.e.t.TomcatWebServer [restartedMain] Tomcat initialized with port(s): 8080 (http)
2023-04-21 02:02:56,963 INFO o.a.j.l.DirectJDKLog [restartedMain] Initializing ProtocolHandler ["http-nio-8080"]
2023-04-21 02:02:56,964 INFO o.a.j.l.DirectJDKLog [restartedMain] Starting service [Tomcat]
2023-04-21 02:02:56,964 INFO o.a.j.l.DirectJDKLog [restartedMain] Starting Servlet engine: [Apache Tomcat/9.0.64]
2023-04-21 02:02:57,061 INFO o.a.j.l.DirectJDKLog [restartedMain] At least one JAR was scanned for TLDs yet contained no TLDs. Enable debug logging for this logger for a complete list of JARs that were scanned but no TLDs were found in them. Skipping unneeded JARs during scanning can improve startup time and JSP compilation time.
2023-04-21 02:02:57,064 INFO o.a.j.l.DirectJDKLog [restartedMain] Initializing Spring embedded WebApplicationContext
2023-04-21 02:02:57,065 INFO o.s.b.w.s.c.ServletWebServerApplicationContext [restartedMain] Root WebApplicationContext: initialization completed in 414 ms
2023-04-21 02:02:57,105 INFO o.h.j.i.u.LogHelper [restartedMain] HHH000204: Processing PersistenceUnitInfo [name: default]
2023-04-21 02:02:57,112 INFO c.z.h.HikariDataSource [restartedMain] HikariPool-8 - Starting...
2023-04-21 02:02:57,117 INFO c.z.h.HikariDataSource [restartedMain] HikariPool-8 - Start completed.
2023-04-21 02:02:57,117 INFO o.h.d.Dialect [restartedMain] HHH000400: Using dialect: org.hibernate.dialect.MySQL5Dialect
2023-04-21 02:02:57,180 INFO o.h.e.t.j.p.i.JtaPlatformInitiator [restartedMain] HHH000490: Using JtaPlatform implementation: [org.hibernate.engine.transaction.jta.platform.internal.NoJtaPlatform]
2023-04-21 02:02:57,180 INFO o.s.o.j.AbstractEntityManagerFactoryBean [restartedMain] Initialized JPA EntityManagerFactory for persistence unit 'default'
2023-04-21 02:02:57,264 WARN o.s.b.a.o.j.JpaBaseConfiguration$JpaWebConfiguration [restartedMain] spring.jpa.open-in-view is enabled by default. Therefore, database queries may be performed during view rendering. Explicitly configure spring.jpa.open-in-view to disable this warning
2023-04-21 02:02:57,316 INFO o.s.s.w.DefaultSecurityFilterChain [restartedMain] Will secure any request with [org.springframework.security.web.context.request.async.WebAsyncManagerIntegrationFilter@8dc7a83, org.springframework.security.web.context.SecurityContextPersistenceFilter@6b8bb119, org.springframework.security.web.header.HeaderWriterFilter@6cc81a66, org.springframework.security.web.csrf.CsrfFilter@699b9a36, org.springframework.security.web.authentication.logout.LogoutFilter@715024f2, org.springframework.security.web.authentication.UsernamePasswordAuthenticationFilter@209e9f8f, org.springframework.security.web.savedrequest.RequestCacheAwareFilter@130842fd, org.springframework.security.web.servletapi.SecurityContextHolderAwareRequestFilter@3fbf61d0, org.springframework.security.web.authentication.AnonymousAuthenticationFilter@6d9ff346, org.springframework.security.web.session.SessionManagementFilter@5e74dacb, org.springframework.security.web.access.ExceptionTranslationFilter@40571580, org.springframework.security.web.access.intercept.FilterSecurityInterceptor@7a824ffd]
2023-04-21 02:02:57,366 INFO o.s.b.a.w.s.WelcomePageHandlerMapping [restartedMain] Adding welcome page template: index
2023-04-21 02:02:57,411 INFO o.s.b.d.a.OptionalLiveReloadServer [restartedMain] LiveReload server is running on port 35729
2023-04-21 02:02:57,421 INFO o.a.j.l.DirectJDKLog [restartedMain] Starting ProtocolHandler ["http-nio-8080"]
2023-04-21 02:02:57,426 INFO o.s.b.w.e.t.TomcatWebServer [restartedMain] Tomcat started on port(s): 8080 (http) with context path ''
2023-04-21 02:02:57,432 INFO o.s.b.StartupInfoLogger [restartedMain] Started CarsPortalApplication in 0.831 seconds (JVM running for 8957.117)
2023-04-21 02:02:57,434 INFO o.s.b.d.a.ConditionEvaluationDeltaLoggingListener [restartedMain] Condition evaluation unchanged
2023-04-21 02:03:06,003 INFO o.s.o.j.AbstractEntityManagerFactoryBean [Thread-31] Closing JPA EntityManagerFactory for persistence unit 'default'
2023-04-21 02:03:06,004 INFO c.z.h.HikariDataSource [Thread-31] HikariPool-8 - Shutdown initiated...
2023-04-21 02:03:06,007 INFO c.z.h.HikariDataSource [Thread-31] HikariPool-8 - Shutdown completed.
2023-04-21 02:03:06,117 INFO o.s.b.StartupInfoLogger [restartedMain] Starting CarsPortalApplication using Java 18.0.2.1 on LAPTOP-RBUQPOC8 with PID 14832 (C:\Users\LENOVO\Documents\MODULE 7 ADP\zeus\Cars-Portal\target\classes started by LENOVO in C:\Users\LENOVO\Documents\MODULE 7 ADP\zeus\Cars-Portal)
2023-04-21 02:03:06,118 DEBUG o.s.b.StartupInfoLogger [restartedMain] Running with Spring Boot v2.6.9, Spring v5.3.21
2023-04-21 02:03:06,118 INFO o.s.b.SpringApplication [restartedMain] No active profile set, falling back to 1 default profile: "default"
2023-04-21 02:03:06,309 INFO o.s.d.r.c.RepositoryConfigurationDelegate [restartedMain] Bootstrapping Spring Data JPA repositories in DEFAULT mode.
2023-04-21 02:03:06,321 INFO o.s.d.r.c.RepositoryConfigurationDelegate [restartedMain] Finished Spring Data repository scanning in 11 ms. Found 2 JPA repository interfaces.
2023-04-21 02:03:06,420 INFO o.s.b.w.e.t.TomcatWebServer [restartedMain] Tomcat initialized with port(s): 8080 (http)
2023-04-21 02:03:06,421 INFO o.a.j.l.DirectJDKLog [restartedMain] Initializing ProtocolHandler ["http-nio-8080"]
2023-04-21 02:03:06,422 INFO o.a.j.l.DirectJDKLog [restartedMain] Starting service [Tomcat]
2023-04-21 02:03:06,422 INFO o.a.j.l.DirectJDKLog [restartedMain] Starting Servlet engine: [Apache Tomcat/9.0.64]
2023-04-21 02:03:06,521 INFO o.a.j.l.DirectJDKLog [restartedMain] At least one JAR was scanned for TLDs yet contained no TLDs. Enable debug logging for this logger for a complete list of JARs that were scanned but no TLDs were found in them. Skipping unneeded JARs during scanning can improve startup time and JSP compilation time.
2023-04-21 02:03:06,523 INFO o.a.j.l.DirectJDKLog [restartedMain] Initializing Spring embedded WebApplicationContext
2023-04-21 02:03:06,523 INFO o.s.b.w.s.c.ServletWebServerApplicationContext [restartedMain] Root WebApplicationContext: initialization completed in 402 ms
2023-04-21 02:03:06,566 INFO o.h.j.i.u.LogHelper [restartedMain] HHH000204: Processing PersistenceUnitInfo [name: default]
2023-04-21 02:03:06,571 INFO c.z.h.HikariDataSource [restartedMain] HikariPool-9 - Starting...
2023-04-21 02:03:06,575 INFO c.z.h.HikariDataSource [restartedMain] HikariPool-9 - Start completed.
2023-04-21 02:03:06,576 INFO o.h.d.Dialect [restartedMain] HHH000400: Using dialect: org.hibernate.dialect.MySQL5Dialect
2023-04-21 02:03:06,639 INFO o.h.e.t.j.p.i.JtaPlatformInitiator [restartedMain] HHH000490: Using JtaPlatform implementation: [org.hibernate.engine.transaction.jta.platform.internal.NoJtaPlatform]
2023-04-21 02:03:06,640 INFO o.s.o.j.AbstractEntityManagerFactoryBean [restartedMain] Initialized JPA EntityManagerFactory for persistence unit 'default'
2023-04-21 02:03:06,722 WARN o.s.b.a.o.j.JpaBaseConfiguration$JpaWebConfiguration [restartedMain] spring.jpa.open-in-view is enabled by default. Therefore, database queries may be performed during view rendering. Explicitly configure spring.jpa.open-in-view to disable this warning
2023-04-21 02:03:06,776 INFO o.s.s.w.DefaultSecurityFilterChain [restartedMain] Will secure any request with [org.springframework.security.web.context.request.async.WebAsyncManagerIntegrationFilter@482764c9, org.springframework.security.web.context.SecurityContextPersistenceFilter@275ba8dc, org.springframework.security.web.header.HeaderWriterFilter@7c2e4115, org.springframework.security.web.csrf.CsrfFilter@6f7d41b1, org.springframework.security.web.authentication.logout.LogoutFilter@7e009e98, org.springframework.security.web.authentication.UsernamePasswordAuthenticationFilter@46ea723c, org.springframework.security.web.savedrequest.RequestCacheAwareFilter@589c19d5, org.springframework.security.web.servletapi.SecurityContextHolderAwareRequestFilter@56b4dd3a, org.springframework.security.web.authentication.AnonymousAuthenticationFilter@1895454, org.springframework.security.web.session.SessionManagementFilter@22ae05f1, org.springframework.security.web.access.ExceptionTranslationFilter@441775ef, org.springframework.security.web.access.intercept.FilterSecurityInterceptor@2df41004]
2023-04-21 02:03:06,825 INFO o.s.b.a.w.s.WelcomePageHandlerMapping [restartedMain] Adding welcome page template: index
2023-04-21 02:03:06,866 INFO o.s.b.d.a.OptionalLiveReloadServer [restartedMain] LiveReload server is running on port 35729
2023-04-21 02:03:06,885 INFO o.a.j.l.DirectJDKLog [restartedMain] Starting ProtocolHandler ["http-nio-8080"]
2023-04-21 02:03:06,890 INFO o.s.b.w.e.t.TomcatWebServer [restartedMain] Tomcat started on port(s): 8080 (http) with context path ''
2023-04-21 02:03:06,897 INFO o.s.b.StartupInfoLogger [restartedMain] Started CarsPortalApplication in 0.824 seconds (JVM running for 8966.582)
2023-04-21 02:03:06,899 INFO o.s.b.d.a.ConditionEvaluationDeltaLoggingListener [restartedMain] Condition evaluation unchanged
2023-04-21 02:03:16,460 INFO o.s.o.j.AbstractEntityManagerFactoryBean [Thread-35] Closing JPA EntityManagerFactory for persistence unit 'default'
2023-04-21 02:03:16,460 INFO c.z.h.HikariDataSource [Thread-35] HikariPool-9 - Shutdown initiated...
2023-04-21 02:03:16,463 INFO c.z.h.HikariDataSource [Thread-35] HikariPool-9 - Shutdown completed.
2023-04-21 02:03:16,573 INFO o.s.b.StartupInfoLogger [restartedMain] Starting CarsPortalApplication using Java 18.0.2.1 on LAPTOP-RBUQPOC8 with PID 14832 (C:\Users\LENOVO\Documents\MODULE 7 ADP\zeus\Cars-Portal\target\classes started by LENOVO in C:\Users\LENOVO\Documents\MODULE 7 ADP\zeus\Cars-Portal)
2023-04-21 02:03:16,574 DEBUG o.s.b.StartupInfoLogger [restartedMain] Running with Spring Boot v2.6.9, Spring v5.3.21
2023-04-21 02:03:16,574 INFO o.s.b.SpringApplication [restartedMain] No active profile set, falling back to 1 default profile: "default"
2023-04-21 02:03:16,760 INFO o.s.d.r.c.RepositoryConfigurationDelegate [restartedMain] Bootstrapping Spring Data JPA repositories in DEFAULT mode.
2023-04-21 02:03:16,772 INFO o.s.d.r.c.RepositoryConfigurationDelegate [restartedMain] Finished Spring Data repository scanning in 11 ms. Found 2 JPA repository interfaces.
2023-04-21 02:03:16,867 INFO o.s.b.w.e.t.TomcatWebServer [restartedMain] Tomcat initialized with port(s): 8080 (http)
2023-04-21 02:03:16,868 INFO o.a.j.l.DirectJDKLog [restartedMain] Initializing ProtocolHandler ["http-nio-8080"]
2023-04-21 02:03:16,868 INFO o.a.j.l.DirectJDKLog [restartedMain] Starting service [Tomcat]
2023-04-21 02:03:16,869 INFO o.a.j.l.DirectJDKLog [restartedMain] Starting Servlet engine: [Apache Tomcat/9.0.64]
2023-04-21 02:03:16,969 INFO o.a.j.l.DirectJDKLog [restartedMain] At least one JAR was scanned for TLDs yet contained no TLDs. Enable debug logging for this logger for a complete list of JARs that were scanned but no TLDs were found in them. Skipping unneeded JARs during scanning can improve startup time and JSP compilation time.
2023-04-21 02:03:16,972 INFO o.a.j.l.DirectJDKLog [restartedMain] Initializing Spring embedded WebApplicationContext
2023-04-21 02:03:16,972 INFO o.s.b.w.s.c.ServletWebServerApplicationContext [restartedMain] Root WebApplicationContext: initialization completed in 396 ms
2023-04-21 02:03:17,018 INFO o.h.j.i.u.LogHelper [restartedMain] HHH000204: Processing PersistenceUnitInfo [name: default]
2023-04-21 02:03:17,024 INFO c.z.h.HikariDataSource [restartedMain] HikariPool-10 - Starting...
2023-04-21 02:03:17,028 INFO c.z.h.HikariDataSource [restartedMain] HikariPool-10 - Start completed.
2023-04-21 02:03:17,028 INFO o.h.d.Dialect [restartedMain] HHH000400: Using dialect: org.hibernate.dialect.MySQL5Dialect
2023-04-21 02:03:17,093 INFO o.h.e.t.j.p.i.JtaPlatformInitiator [restartedMain] HHH000490: Using JtaPlatform implementation: [org.hibernate.engine.transaction.jta.platform.internal.NoJtaPlatform]
2023-04-21 02:03:17,094 INFO o.s.o.j.AbstractEntityManagerFactoryBean [restartedMain] Initialized JPA EntityManagerFactory for persistence unit 'default'
2023-04-21 02:03:17,173 WARN o.s.b.a.o.j.JpaBaseConfiguration$JpaWebConfiguration [restartedMain] spring.jpa.open-in-view is enabled by default. Therefore, database queries may be performed during view rendering. Explicitly configure spring.jpa.open-in-view to disable this warning
2023-04-21 02:03:17,229 INFO o.s.s.w.DefaultSecurityFilterChain [restartedMain] Will secure any request with [org.springframework.security.web.context.request.async.WebAsyncManagerIntegrationFilter@56b57cf9, org.springframework.security.web.context.SecurityContextPersistenceFilter@26836b62, org.springframework.security.web.header.HeaderWriterFilter@64081192, org.springframework.security.web.csrf.CsrfFilter@704ee790, org.springframework.security.web.authentication.logout.LogoutFilter@67735251, org.springframework.security.web.authentication.UsernamePasswordAuthenticationFilter@347357e1, org.springframework.security.web.savedrequest.RequestCacheAwareFilter@6c07fa84, org.springframework.security.web.servletapi.SecurityContextHolderAwareRequestFilter@4827e217, org.springframework.security.web.authentication.AnonymousAuthenticationFilter@5026a871, org.springframework.security.web.session.SessionManagementFilter@21767abb, org.springframework.security.web.access.ExceptionTranslationFilter@67d5a37d, org.springframework.security.web.access.intercept.FilterSecurityInterceptor@49ffbe1b]
2023-04-21 02:03:17,280 INFO o.s.b.a.w.s.WelcomePageHandlerMapping [restartedMain] Adding welcome page template: index
2023-04-21 02:03:17,322 INFO o.s.b.d.a.OptionalLiveReloadServer [restartedMain] LiveReload server is running on port 35729
2023-04-21 02:03:17,332 INFO o.a.j.l.DirectJDKLog [restartedMain] Starting ProtocolHandler ["http-nio-8080"]
2023-04-21 02:03:17,338 INFO o.s.b.w.e.t.TomcatWebServer [restartedMain] Tomcat started on port(s): 8080 (http) with context path ''
2023-04-21 02:03:17,343 INFO o.s.b.StartupInfoLogger [restartedMain] Started CarsPortalApplication in 0.814 seconds (JVM running for 8977.028)
2023-04-21 02:03:17,344 INFO o.s.b.d.a.ConditionEvaluationDeltaLoggingListener [restartedMain] Condition evaluation unchanged
2023-04-21 02:03:38,142 INFO o.s.o.j.AbstractEntityManagerFactoryBean [Thread-39] Closing JPA EntityManagerFactory for persistence unit 'default'
2023-04-21 02:03:38,143 INFO c.z.h.HikariDataSource [Thread-39] HikariPool-10 - Shutdown initiated...
2023-04-21 02:03:38,145 INFO c.z.h.HikariDataSource [Thread-39] HikariPool-10 - Shutdown completed.
2023-04-21 02:03:38,268 INFO o.s.b.StartupInfoLogger [restartedMain] Starting CarsPortalApplication using Java 18.0.2.1 on LAPTOP-RBUQPOC8 with PID 14832 (C:\Users\LENOVO\Documents\MODULE 7 ADP\zeus\Cars-Portal\target\classes started by LENOVO in C:\Users\LENOVO\Documents\MODULE 7 ADP\zeus\Cars-Portal)
2023-04-21 02:03:38,269 DEBUG o.s.b.StartupInfoLogger [restartedMain] Running with Spring Boot v2.6.9, Spring v5.3.21
2023-04-21 02:03:38,269 INFO o.s.b.SpringApplication [restartedMain] No active profile set, falling back to 1 default profile: "default"
2023-04-21 02:03:38,490 INFO o.s.d.r.c.RepositoryConfigurationDelegate [restartedMain] Bootstrapping Spring Data JPA repositories in DEFAULT mode.
2023-04-21 02:03:38,503 INFO o.s.d.r.c.RepositoryConfigurationDelegate [restartedMain] Finished Spring Data repository scanning in 12 ms. Found 2 JPA repository interfaces.
2023-04-21 02:03:38,609 INFO o.s.b.w.e.t.TomcatWebServer [restartedMain] Tomcat initialized with port(s): 8080 (http)
2023-04-21 02:03:38,610 INFO o.a.j.l.DirectJDKLog [restartedMain] Initializing ProtocolHandler ["http-nio-8080"]
2023-04-21 02:03:38,611 INFO o.a.j.l.DirectJDKLog [restartedMain] Starting service [Tomcat]
2023-04-21 02:03:38,611 INFO o.a.j.l.DirectJDKLog [restartedMain] Starting Servlet engine: [Apache Tomcat/9.0.64]
2023-04-21 02:03:38,714 INFO o.a.j.l.DirectJDKLog [restartedMain] At least one JAR was scanned for TLDs yet contained no TLDs. Enable debug logging for this logger for a complete list of JARs that were scanned but no TLDs were found in them. Skipping unneeded JARs during scanning can improve startup time and JSP compilation time.
2023-04-21 02:03:38,716 INFO o.a.j.l.DirectJDKLog [restartedMain] Initializing Spring embedded WebApplicationContext
2023-04-21 02:03:38,716 INFO o.s.b.w.s.c.ServletWebServerApplicationContext [restartedMain] Root WebApplicationContext: initialization completed in 444 ms
2023-04-21 02:03:38,760 INFO o.h.j.i.u.LogHelper [restartedMain] HHH000204: Processing PersistenceUnitInfo [name: default]
2023-04-21 02:03:38,765 INFO c.z.h.HikariDataSource [restartedMain] HikariPool-11 - Starting...
2023-04-21 02:03:38,769 INFO c.z.h.HikariDataSource [restartedMain] HikariPool-11 - Start completed.
2023-04-21 02:03:38,770 INFO o.h.d.Dialect [restartedMain] HHH000400: Using dialect: org.hibernate.dialect.MySQL5Dialect
2023-04-21 02:03:38,834 INFO o.h.e.t.j.p.i.JtaPlatformInitiator [restartedMain] HHH000490: Using JtaPlatform implementation: [org.hibernate.engine.transaction.jta.platform.internal.NoJtaPlatform]
2023-04-21 02:03:38,835 INFO o.s.o.j.AbstractEntityManagerFactoryBean [restartedMain] Initialized JPA EntityManagerFactory for persistence unit 'default'
2023-04-21 02:03:38,917 WARN o.s.b.a.o.j.JpaBaseConfiguration$JpaWebConfiguration [restartedMain] spring.jpa.open-in-view is enabled by default. Therefore, database queries may be performed during view rendering. Explicitly configure spring.jpa.open-in-view to disable this warning
2023-04-21 02:03:38,973 INFO o.s.s.w.DefaultSecurityFilterChain [restartedMain] Will secure any request with [org.springframework.security.web.context.request.async.WebAsyncManagerIntegrationFilter@3056be07, org.springframework.security.web.context.SecurityContextPersistenceFilter@fe8cf6f, org.springframework.security.web.header.HeaderWriterFilter@6990c920, org.springframework.security.web.csrf.CsrfFilter@207b0ea4, org.springframework.security.web.authentication.logout.LogoutFilter@80fc3f0, org.springframework.security.web.authentication.UsernamePasswordAuthenticationFilter@fd778de, org.springframework.security.web.savedrequest.RequestCacheAwareFilter@2e75354a, org.springframework.security.web.servletapi.SecurityContextHolderAwareRequestFilter@41c3306d, org.springframework.security.web.authentication.AnonymousAuthenticationFilter@3d366b08, org.springframework.security.web.session.SessionManagementFilter@779ee116, org.springframework.security.web.access.ExceptionTranslationFilter@c43f1f, org.springframework.security.web.access.intercept.FilterSecurityInterceptor@1c34c6f1]
2023-04-21 02:03:39,028 INFO o.s.b.a.w.s.WelcomePageHandlerMapping [restartedMain] Adding welcome page template: index
2023-04-21 02:03:39,067 INFO o.s.b.d.a.OptionalLiveReloadServer [restartedMain] LiveReload server is running on port 35729
2023-04-21 02:03:39,077 INFO o.a.j.l.DirectJDKLog [restartedMain] Starting ProtocolHandler ["http-nio-8080"]
2023-04-21 02:03:39,082 INFO o.s.b.w.e.t.TomcatWebServer [restartedMain] Tomcat started on port(s): 8080 (http) with context path ''
2023-04-21 02:03:39,088 INFO o.s.b.StartupInfoLogger [restartedMain] Started CarsPortalApplication in 0.872 seconds (JVM running for 8998.772)
2023-04-21 02:03:39,090 INFO o.s.b.d.a.ConditionEvaluationDeltaLoggingListener [restartedMain] Condition evaluation unchanged
2023-04-21 02:04:15,211 INFO o.s.b.a.SpringApplicationAdminMXBeanRegistrar$SpringApplicationAdmin [RMI TCP Connection(2)-127.0.0.1] Application shutdown requested.
2023-04-21 02:04:15,230 INFO o.s.o.j.AbstractEntityManagerFactoryBean [RMI TCP Connection(2)-127.0.0.1] Closing JPA EntityManagerFactory for persistence unit 'default'
2023-04-21 02:04:15,230 INFO c.z.h.HikariDataSource [RMI TCP Connection(2)-127.0.0.1] HikariPool-11 - Shutdown initiated...
2023-04-21 02:04:15,232 INFO c.z.h.HikariDataSource [RMI TCP Connection(2)-127.0.0.1] HikariPool-11 - Shutdown completed.
