2023-04-20 23:33:41,189 INFO o.s.b.StartupInfoLogger [restartedMain] Starting CarsPortalApplication using Java 18.0.2.1 on LAPTOP-RBUQPOC8 with PID 14832 (C:\Users\LENOVO\Documents\MODULE 7 ADP\zeus\Cars-Portal\target\classes started by LENOVO in C:\Users\LENOVO\Documents\MODULE 7 ADP\zeus\Cars-Portal)
2023-04-20 23:33:41,194 DEBUG o.s.b.StartupInfoLogger [restartedMain] Running with Spring Boot v2.6.9, Spring v5.3.21
2023-04-20 23:33:41,195 INFO o.s.b.SpringApplication [restartedMain] No active profile set, falling back to 1 default profile: "default"
2023-04-20 23:33:41,223 INFO o.s.b.l.DeferredLog [restartedMain] Devtools property defaults active! Set 'spring.devtools.add-properties' to 'false' to disable
2023-04-20 23:33:41,223 INFO o.s.b.l.DeferredLog [restartedMain] For additional web related logging consider setting the 'logging.level.web' property to 'DEBUG'
2023-04-20 23:33:41,624 INFO o.s.d.r.c.RepositoryConfigurationDelegate [restartedMain] Bootstrapping Spring Data JPA repositories in DEFAULT mode.
2023-04-20 23:33:41,659 INFO o.s.d.r.c.RepositoryConfigurationDelegate [restartedMain] Finished Spring Data repository scanning in 29 ms. Found 2 JPA repository interfaces.
2023-04-20 23:33:42,106 INFO o.s.b.w.e.t.TomcatWebServer [restartedMain] Tomcat initialized with port(s): 8080 (http)
2023-04-20 23:33:42,112 INFO o.a.j.l.DirectJDKLog [restartedMain] Initializing ProtocolHandler ["http-nio-8080"]
2023-04-20 23:33:42,112 INFO o.a.j.l.DirectJDKLog [restartedMain] Starting service [Tomcat]
2023-04-20 23:33:42,113 INFO o.a.j.l.DirectJDKLog [restartedMain] Starting Servlet engine: [Apache Tomcat/9.0.64]
2023-04-20 23:33:42,256 INFO o.a.j.l.DirectJDKLog [restartedMain] At least one JAR was scanned for TLDs yet contained no TLDs. Enable debug logging for this logger for a complete list of JARs that were scanned but no TLDs were found in them. Skipping unneeded JARs during scanning can improve startup time and JSP compilation time.
2023-04-20 23:33:42,261 INFO o.a.j.l.DirectJDKLog [restartedMain] Initializing Spring embedded WebApplicationContext
2023-04-20 23:33:42,261 INFO o.s.b.w.s.c.ServletWebServerApplicationContext [restartedMain] Root WebApplicationContext: initialization completed in 1032 ms
2023-04-20 23:33:42,356 INFO o.h.j.i.u.LogHelper [restartedMain] HHH000204: Processing PersistenceUnitInfo [name: default]
2023-04-20 23:33:42,385 INFO o.h.Version [restartedMain] HHH000412: Hibernate ORM core version 5.6.9.Final
2023-04-20 23:33:42,463 INFO o.h.a.c.r.j.JavaReflectionManager [restartedMain] HCANN000001: Hibernate Commons Annotations {5.1.2.Final}
2023-04-20 23:33:42,521 INFO c.z.h.HikariDataSource [restartedMain] HikariPool-1 - Starting...
2023-04-20 23:33:42,611 INFO c.z.h.HikariDataSource [restartedMain] HikariPool-1 - Start completed.
2023-04-20 23:33:42,619 INFO o.h.d.Dialect [restartedMain] HHH000400: Using dialect: org.hibernate.dialect.MySQL5Dialect
2023-04-20 23:33:42,989 INFO o.h.e.t.j.p.i.JtaPlatformInitiator [restartedMain] HHH000490: Using JtaPlatform implementation: [org.hibernate.engine.transaction.jta.platform.internal.NoJtaPlatform]
2023-04-20 23:33:42,995 INFO o.s.o.j.AbstractEntityManagerFactoryBean [restartedMain] Initialized JPA EntityManagerFactory for persistence unit 'default'
2023-04-20 23:33:43,216 WARN o.s.b.a.o.j.JpaBaseConfiguration$JpaWebConfiguration [restartedMain] spring.jpa.open-in-view is enabled by default. Therefore, database queries may be performed during view rendering. Explicitly configure spring.jpa.open-in-view to disable this warning
2023-04-20 23:33:43,389 INFO o.s.s.w.DefaultSecurityFilterChain [restartedMain] Will secure any request with [org.springframework.security.web.context.request.async.WebAsyncManagerIntegrationFilter@7890c3ef, org.springframework.security.web.context.SecurityContextPersistenceFilter@9156ceb, org.springframework.security.web.header.HeaderWriterFilter@3117354a, org.springframework.security.web.csrf.CsrfFilter@633179f6, org.springframework.security.web.authentication.logout.LogoutFilter@5da3a99b, org.springframework.security.web.authentication.UsernamePasswordAuthenticationFilter@218034a8, org.springframework.security.web.savedrequest.RequestCacheAwareFilter@7b13b249, org.springframework.security.web.servletapi.SecurityContextHolderAwareRequestFilter@472812f8, org.springframework.security.web.authentication.AnonymousAuthenticationFilter@4a4dc0f6, org.springframework.security.web.session.SessionManagementFilter@686988ee, org.springframework.security.web.access.ExceptionTranslationFilter@12d5ca5f, org.springframework.security.web.access.intercept.FilterSecurityInterceptor@30ffcf45]
2023-04-20 23:33:43,509 INFO o.s.b.a.w.s.WelcomePageHandlerMapping [restartedMain] Adding welcome page template: index
2023-04-20 23:33:43,589 INFO o.s.b.d.a.OptionalLiveReloadServer [restartedMain] LiveReload server is running on port 35729
2023-04-20 23:33:43,601 INFO o.a.j.l.DirectJDKLog [restartedMain] Starting ProtocolHandler ["http-nio-8080"]
2023-04-20 23:33:43,618 INFO o.s.b.w.e.t.TomcatWebServer [restartedMain] Tomcat started on port(s): 8080 (http) with context path ''
2023-04-20 23:33:43,626 INFO o.s.b.StartupInfoLogger [restartedMain] Started CarsPortalApplication in 2.642 seconds (JVM running for 3.311)
2023-04-20 23:33:50,821 INFO o.a.j.l.DirectJDKLog [http-nio-8080-exec-1] Initializing Spring DispatcherServlet 'dispatcherServlet'
2023-04-20 23:33:50,821 INFO o.s.w.s.FrameworkServlet [http-nio-8080-exec-1] Initializing Servlet 'dispatcherServlet'
2023-04-20 23:33:50,822 INFO o.s.w.s.FrameworkServlet [http-nio-8080-exec-1] Completed initialization in 1 ms
2023-04-20 23:39:14,603 INFO o.s.o.j.AbstractEntityManagerFactoryBean [Thread-5] Closing JPA EntityManagerFactory for persistence unit 'default'
2023-04-20 23:39:14,612 INFO c.z.h.HikariDataSource [Thread-5] HikariPool-1 - Shutdown initiated...
2023-04-20 23:39:14,619 INFO c.z.h.HikariDataSource [Thread-5] HikariPool-1 - Shutdown completed.
2023-04-20 23:39:14,728 INFO o.s.b.StartupInfoLogger [restartedMain] Starting CarsPortalApplication using Java 18.0.2.1 on LAPTOP-RBUQPOC8 with PID 14832 (C:\Users\LENOVO\Documents\MODULE 7 ADP\zeus\Cars-Portal\target\classes started by LENOVO in C:\Users\LENOVO\Documents\MODULE 7 ADP\zeus\Cars-Portal)
2023-04-20 23:39:14,729 DEBUG o.s.b.StartupInfoLogger [restartedMain] Running with Spring Boot v2.6.9, Spring v5.3.21
2023-04-20 23:39:14,729 INFO o.s.b.SpringApplication [restartedMain] No active profile set, falling back to 1 default profile: "default"
2023-04-20 23:39:14,848 INFO o.s.d.r.c.RepositoryConfigurationDelegate [restartedMain] Bootstrapping Spring Data JPA repositories in DEFAULT mode.
2023-04-20 23:39:14,856 INFO o.s.d.r.c.RepositoryConfigurationDelegate [restartedMain] Finished Spring Data repository scanning in 7 ms. Found 2 JPA repository interfaces.
2023-04-20 23:39:14,928 INFO o.s.b.w.e.t.TomcatWebServer [restartedMain] Tomcat initialized with port(s): 8080 (http)
2023-04-20 23:39:14,929 INFO o.a.j.l.DirectJDKLog [restartedMain] Initializing ProtocolHandler ["http-nio-8080"]
2023-04-20 23:39:14,929 INFO o.a.j.l.DirectJDKLog [restartedMain] Starting service [Tomcat]
2023-04-20 23:39:14,929 INFO o.a.j.l.DirectJDKLog [restartedMain] Starting Servlet engine: [Apache Tomcat/9.0.64]
2023-04-20 23:39:14,992 INFO o.a.j.l.DirectJDKLog [restartedMain] At least one JAR was scanned for TLDs yet contained no TLDs. Enable debug logging for this logger for a complete list of JARs that were scanned but no TLDs were found in them. Skipping unneeded JARs during scanning can improve startup time and JSP compilation time.
2023-04-20 23:39:14,994 INFO o.a.j.l.DirectJDKLog [restartedMain] Initializing Spring embedded WebApplicationContext
2023-04-20 23:39:14,994 INFO o.s.b.w.s.c.ServletWebServerApplicationContext [restartedMain] Root WebApplicationContext: initialization completed in 263 ms
2023-04-20 23:39:15,024 INFO o.h.j.i.u.LogHelper [restartedMain] HHH000204: Processing PersistenceUnitInfo [name: default]
2023-04-20 23:39:15,028 INFO c.z.h.HikariDataSource [restartedMain] HikariPool-2 - Starting...
2023-04-20 23:39:15,031 INFO c.z.h.HikariDataSource [restartedMain] HikariPool-2 - Start completed.
2023-04-20 23:39:15,031 INFO o.h.d.Dialect [restartedMain] HHH000400: Using dialect: org.hibernate.dialect.MySQL5Dialect
2023-04-20 23:39:15,077 INFO o.h.e.t.j.p.i.JtaPlatformInitiator [restartedMain] HHH000490: Using JtaPlatform implementation: [org.hibernate.engine.transaction.jta.platform.internal.NoJtaPlatform]
2023-04-20 23:39:15,078 INFO o.s.o.j.AbstractEntityManagerFactoryBean [restartedMain] Initialized JPA EntityManagerFactory for persistence unit 'default'
2023-04-20 23:39:15,133 WARN o.s.b.a.o.j.JpaBaseConfiguration$JpaWebConfiguration [restartedMain] spring.jpa.open-in-view is enabled by default. Therefore, database queries may be performed during view rendering. Explicitly configure spring.jpa.open-in-view to disable this warning
2023-04-20 23:39:15,169 INFO o.s.s.w.DefaultSecurityFilterChain [restartedMain] Will secure any request with [org.springframework.security.web.context.request.async.WebAsyncManagerIntegrationFilter@46c165e3, org.springframework.security.web.context.SecurityContextPersistenceFilter@68dafd6c, org.springframework.security.web.header.HeaderWriterFilter@150c79ac, org.springframework.security.web.csrf.CsrfFilter@1a3ea7e2, org.springframework.security.web.authentication.logout.LogoutFilter@4e350d0f, org.springframework.security.web.authentication.UsernamePasswordAuthenticationFilter@71cb458f, org.springframework.security.web.savedrequest.RequestCacheAwareFilter@2243a056, org.springframework.security.web.servletapi.SecurityContextHolderAwareRequestFilter@54f46cab, org.springframework.security.web.authentication.AnonymousAuthenticationFilter@2ff52038, org.springframework.security.web.session.SessionManagementFilter@7b44bcf, org.springframework.security.web.access.ExceptionTranslationFilter@1aca1322, org.springframework.security.web.access.intercept.FilterSecurityInterceptor@422d1312]
2023-04-20 23:39:15,202 INFO o.s.b.a.w.s.WelcomePageHandlerMapping [restartedMain] Adding welcome page template: index
2023-04-20 23:39:15,229 INFO o.s.b.d.a.OptionalLiveReloadServer [restartedMain] LiveReload server is running on port 35729
2023-04-20 23:39:15,236 INFO o.a.j.l.DirectJDKLog [restartedMain] Starting ProtocolHandler ["http-nio-8080"]
2023-04-20 23:39:15,240 INFO o.s.b.w.e.t.TomcatWebServer [restartedMain] Tomcat started on port(s): 8080 (http) with context path ''
2023-04-20 23:39:15,243 INFO o.s.b.StartupInfoLogger [restartedMain] Started CarsPortalApplication in 0.545 seconds (JVM running for 334.928)
2023-04-20 23:39:15,245 INFO o.s.b.d.a.ConditionEvaluationDeltaLoggingListener [restartedMain] Condition evaluation unchanged
2023-04-20 23:40:15,035 INFO o.a.j.l.DirectJDKLog [http-nio-8080-exec-1] Initializing Spring DispatcherServlet 'dispatcherServlet'
2023-04-20 23:40:15,035 INFO o.s.w.s.FrameworkServlet [http-nio-8080-exec-1] Initializing Servlet 'dispatcherServlet'
2023-04-20 23:40:15,035 INFO o.s.w.s.FrameworkServlet [http-nio-8080-exec-1] Completed initialization in 0 ms
2023-04-20 23:43:13,076 INFO o.s.o.j.AbstractEntityManagerFactoryBean [Thread-7] Closing JPA EntityManagerFactory for persistence unit 'default'
2023-04-20 23:43:13,082 INFO c.z.h.HikariDataSource [Thread-7] HikariPool-2 - Shutdown initiated...
2023-04-20 23:43:13,084 INFO c.z.h.HikariDataSource [Thread-7] HikariPool-2 - Shutdown completed.
2023-04-20 23:43:13,197 INFO o.s.b.StartupInfoLogger [restartedMain] Starting CarsPortalApplication using Java 18.0.2.1 on LAPTOP-RBUQPOC8 with PID 14832 (C:\Users\LENOVO\Documents\MODULE 7 ADP\zeus\Cars-Portal\target\classes started by LENOVO in C:\Users\LENOVO\Documents\MODULE 7 ADP\zeus\Cars-Portal)
2023-04-20 23:43:13,197 DEBUG o.s.b.StartupInfoLogger [restartedMain] Running with Spring Boot v2.6.9, Spring v5.3.21
2023-04-20 23:43:13,197 INFO o.s.b.SpringApplication [restartedMain] No active profile set, falling back to 1 default profile: "default"
2023-04-20 23:43:13,348 INFO o.s.d.r.c.RepositoryConfigurationDelegate [restartedMain] Bootstrapping Spring Data JPA repositories in DEFAULT mode.
2023-04-20 23:43:13,357 INFO o.s.d.r.c.RepositoryConfigurationDelegate [restartedMain] Finished Spring Data repository scanning in 8 ms. Found 2 JPA repository interfaces.
2023-04-20 23:43:13,456 INFO o.s.b.w.e.t.TomcatWebServer [restartedMain] Tomcat initialized with port(s): 8080 (http)
2023-04-20 23:43:13,456 INFO o.a.j.l.DirectJDKLog [restartedMain] Initializing ProtocolHandler ["http-nio-8080"]
2023-04-20 23:43:13,457 INFO o.a.j.l.DirectJDKLog [restartedMain] Starting service [Tomcat]
2023-04-20 23:43:13,457 INFO o.a.j.l.DirectJDKLog [restartedMain] Starting Servlet engine: [Apache Tomcat/9.0.64]
2023-04-20 23:43:13,519 INFO o.a.j.l.DirectJDKLog [restartedMain] At least one JAR was scanned for TLDs yet contained no TLDs. Enable debug logging for this logger for a complete list of JARs that were scanned but no TLDs were found in them. Skipping unneeded JARs during scanning can improve startup time and JSP compilation time.
2023-04-20 23:43:13,521 INFO o.a.j.l.DirectJDKLog [restartedMain] Initializing Spring embedded WebApplicationContext
2023-04-20 23:43:13,521 INFO o.s.b.w.s.c.ServletWebServerApplicationContext [restartedMain] Root WebApplicationContext: initialization completed in 321 ms
2023-04-20 23:43:13,556 INFO o.h.j.i.u.LogHelper [restartedMain] HHH000204: Processing PersistenceUnitInfo [name: default]
2023-04-20 23:43:13,560 INFO c.z.h.HikariDataSource [restartedMain] HikariPool-3 - Starting...
2023-04-20 23:43:13,563 INFO c.z.h.HikariDataSource [restartedMain] HikariPool-3 - Start completed.
2023-04-20 23:43:13,563 INFO o.h.d.Dialect [restartedMain] HHH000400: Using dialect: org.hibernate.dialect.MySQL5Dialect
2023-04-20 23:43:13,609 INFO o.h.e.t.j.p.i.JtaPlatformInitiator [restartedMain] HHH000490: Using JtaPlatform implementation: [org.hibernate.engine.transaction.jta.platform.internal.NoJtaPlatform]
2023-04-20 23:43:13,610 INFO o.s.o.j.AbstractEntityManagerFactoryBean [restartedMain] Initialized JPA EntityManagerFactory for persistence unit 'default'
2023-04-20 23:43:13,671 WARN o.s.b.a.o.j.JpaBaseConfiguration$JpaWebConfiguration [restartedMain] spring.jpa.open-in-view is enabled by default. Therefore, database queries may be performed during view rendering. Explicitly configure spring.jpa.open-in-view to disable this warning
2023-04-20 23:43:13,715 INFO o.s.s.w.DefaultSecurityFilterChain [restartedMain] Will secure any request with [org.springframework.security.web.context.request.async.WebAsyncManagerIntegrationFilter@3469995d, org.springframework.security.web.context.SecurityContextPersistenceFilter@25b5898f, org.springframework.security.web.header.HeaderWriterFilter@27301d07, org.springframework.security.web.csrf.CsrfFilter@29ef06f6, org.springframework.security.web.authentication.logout.LogoutFilter@5da7ecf5, org.springframework.security.web.authentication.UsernamePasswordAuthenticationFilter@53254b4c, org.springframework.security.web.savedrequest.RequestCacheAwareFilter@604dd83d, org.springframework.security.web.servletapi.SecurityContextHolderAwareRequestFilter@47322916, org.springframework.security.web.authentication.AnonymousAuthenticationFilter@2b4c4650, org.springframework.security.web.session.SessionManagementFilter@743ce948, org.springframework.security.web.access.ExceptionTranslationFilter@11fa88ec, org.springframework.security.web.access.intercept.FilterSecurityInterceptor@725263cd]
2023-04-20 23:43:13,756 INFO o.s.b.a.w.s.WelcomePageHandlerMapping [restartedMain] Adding welcome page template: index
2023-04-20 23:43:13,789 INFO o.s.b.d.a.OptionalLiveReloadServer [restartedMain] LiveReload server is running on port 35729
2023-04-20 23:43:13,795 INFO o.a.j.l.DirectJDKLog [restartedMain] Starting ProtocolHandler ["http-nio-8080"]
2023-04-20 23:43:13,799 INFO o.s.b.w.e.t.TomcatWebServer [restartedMain] Tomcat started on port(s): 8080 (http) with context path ''
2023-04-20 23:43:13,802 INFO o.s.b.StartupInfoLogger [restartedMain] Started CarsPortalApplication in 0.646 seconds (JVM running for 573.487)
2023-04-20 23:43:13,803 INFO o.s.b.d.a.ConditionEvaluationDeltaLoggingListener [restartedMain] Condition evaluation unchanged
2023-04-20 23:43:21,303 INFO o.s.o.j.AbstractEntityManagerFactoryBean [Thread-11] Closing JPA EntityManagerFactory for persistence unit 'default'
2023-04-20 23:43:21,303 INFO c.z.h.HikariDataSource [Thread-11] HikariPool-3 - Shutdown initiated...
2023-04-20 23:43:21,305 INFO c.z.h.HikariDataSource [Thread-11] HikariPool-3 - Shutdown completed.
2023-04-20 23:43:21,368 INFO o.s.b.StartupInfoLogger [restartedMain] Starting CarsPortalApplication using Java 18.0.2.1 on LAPTOP-RBUQPOC8 with PID 14832 (C:\Users\LENOVO\Documents\MODULE 7 ADP\zeus\Cars-Portal\target\classes started by LENOVO in C:\Users\LENOVO\Documents\MODULE 7 ADP\zeus\Cars-Portal)
2023-04-20 23:43:21,368 DEBUG o.s.b.StartupInfoLogger [restartedMain] Running with Spring Boot v2.6.9, Spring v5.3.21
2023-04-20 23:43:21,368 INFO o.s.b.SpringApplication [restartedMain] No active profile set, falling back to 1 default profile: "default"
2023-04-20 23:43:21,472 INFO o.s.d.r.c.RepositoryConfigurationDelegate [restartedMain] Bootstrapping Spring Data JPA repositories in DEFAULT mode.
2023-04-20 23:43:21,479 INFO o.s.d.r.c.RepositoryConfigurationDelegate [restartedMain] Finished Spring Data repository scanning in 7 ms. Found 2 JPA repository interfaces.
2023-04-20 23:43:21,536 INFO o.s.b.w.e.t.TomcatWebServer [restartedMain] Tomcat initialized with port(s): 8080 (http)
2023-04-20 23:43:21,537 INFO o.a.j.l.DirectJDKLog [restartedMain] Initializing ProtocolHandler ["http-nio-8080"]
2023-04-20 23:43:21,537 INFO o.a.j.l.DirectJDKLog [restartedMain] Starting service [Tomcat]
2023-04-20 23:43:21,538 INFO o.a.j.l.DirectJDKLog [restartedMain] Starting Servlet engine: [Apache Tomcat/9.0.64]
2023-04-20 23:43:21,593 INFO o.a.j.l.DirectJDKLog [restartedMain] At least one JAR was scanned for TLDs yet contained no TLDs. Enable debug logging for this logger for a complete list of JARs that were scanned but no TLDs were found in them. Skipping unneeded JARs during scanning can improve startup time and JSP compilation time.
2023-04-20 23:43:21,595 INFO o.a.j.l.DirectJDKLog [restartedMain] Initializing Spring embedded WebApplicationContext
2023-04-20 23:43:21,595 INFO o.s.b.w.s.c.ServletWebServerApplicationContext [restartedMain] Root WebApplicationContext: initialization completed in 225 ms
2023-04-20 23:43:21,621 INFO o.h.j.i.u.LogHelper [restartedMain] HHH000204: Processing PersistenceUnitInfo [name: default]
2023-04-20 23:43:21,624 INFO c.z.h.HikariDataSource [restartedMain] HikariPool-4 - Starting...
2023-04-20 23:43:21,627 INFO c.z.h.HikariDataSource [restartedMain] HikariPool-4 - Start completed.
2023-04-20 23:43:21,627 INFO o.h.d.Dialect [restartedMain] HHH000400: Using dialect: org.hibernate.dialect.MySQL5Dialect
2023-04-20 23:43:21,700 INFO o.h.e.t.j.p.i.JtaPlatformInitiator [restartedMain] HHH000490: Using JtaPlatform implementation: [org.hibernate.engine.transaction.jta.platform.internal.NoJtaPlatform]
2023-04-20 23:43:21,700 INFO o.s.o.j.AbstractEntityManagerFactoryBean [restartedMain] Initialized JPA EntityManagerFactory for persistence unit 'default'
2023-04-20 23:43:21,745 WARN o.s.b.a.o.j.JpaBaseConfiguration$JpaWebConfiguration [restartedMain] spring.jpa.open-in-view is enabled by default. Therefore, database queries may be performed during view rendering. Explicitly configure spring.jpa.open-in-view to disable this warning
2023-04-20 23:43:21,777 INFO o.s.s.w.DefaultSecurityFilterChain [restartedMain] Will secure any request with [org.springframework.security.web.context.request.async.WebAsyncManagerIntegrationFilter@2321f0e, org.springframework.security.web.context.SecurityContextPersistenceFilter@7b73e024, org.springframework.security.web.header.HeaderWriterFilter@421ff488, org.springframework.security.web.csrf.CsrfFilter@375ff7b3, org.springframework.security.web.authentication.logout.LogoutFilter@61301b8, org.springframework.security.web.authentication.UsernamePasswordAuthenticationFilter@5337315b, org.springframework.security.web.savedrequest.RequestCacheAwareFilter@277e51f0, org.springframework.security.web.servletapi.SecurityContextHolderAwareRequestFilter@1af85a23, org.springframework.security.web.authentication.AnonymousAuthenticationFilter@4488bbf8, org.springframework.security.web.session.SessionManagementFilter@33596b93, org.springframework.security.web.access.ExceptionTranslationFilter@266f57c5, org.springframework.security.web.access.intercept.FilterSecurityInterceptor@5575b8ce]
2023-04-20 23:43:21,808 INFO o.s.b.a.w.s.WelcomePageHandlerMapping [restartedMain] Adding welcome page template: index
2023-04-20 23:43:21,836 INFO o.s.b.d.a.OptionalLiveReloadServer [restartedMain] LiveReload server is running on port 35729
2023-04-20 23:43:21,842 INFO o.a.j.l.DirectJDKLog [restartedMain] Starting ProtocolHandler ["http-nio-8080"]
2023-04-20 23:43:21,847 INFO o.s.b.w.e.t.TomcatWebServer [restartedMain] Tomcat started on port(s): 8080 (http) with context path ''
2023-04-20 23:43:21,851 INFO o.s.b.StartupInfoLogger [restartedMain] Started CarsPortalApplication in 0.51 seconds (JVM running for 581.536)
2023-04-20 23:43:21,852 INFO o.s.b.d.a.ConditionEvaluationDeltaLoggingListener [restartedMain] Condition evaluation unchanged
2023-04-20 23:43:39,486 INFO o.s.o.j.AbstractEntityManagerFactoryBean [Thread-15] Closing JPA EntityManagerFactory for persistence unit 'default'
2023-04-20 23:43:39,487 INFO c.z.h.HikariDataSource [Thread-15] HikariPool-4 - Shutdown initiated...
2023-04-20 23:43:39,488 INFO c.z.h.HikariDataSource [Thread-15] HikariPool-4 - Shutdown completed.
2023-04-20 23:43:39,548 INFO o.s.b.StartupInfoLogger [restartedMain] Starting CarsPortalApplication using Java 18.0.2.1 on LAPTOP-RBUQPOC8 with PID 14832 (C:\Users\LENOVO\Documents\MODULE 7 ADP\zeus\Cars-Portal\target\classes started by LENOVO in C:\Users\LENOVO\Documents\MODULE 7 ADP\zeus\Cars-Portal)
2023-04-20 23:43:39,549 DEBUG o.s.b.StartupInfoLogger [restartedMain] Running with Spring Boot v2.6.9, Spring v5.3.21
2023-04-20 23:43:39,549 INFO o.s.b.SpringApplication [restartedMain] No active profile set, falling back to 1 default profile: "default"
2023-04-20 23:43:39,655 INFO o.s.d.r.c.RepositoryConfigurationDelegate [restartedMain] Bootstrapping Spring Data JPA repositories in DEFAULT mode.
2023-04-20 23:43:39,662 INFO o.s.d.r.c.RepositoryConfigurationDelegate [restartedMain] Finished Spring Data repository scanning in 7 ms. Found 2 JPA repository interfaces.
2023-04-20 23:43:39,717 INFO o.s.b.w.e.t.TomcatWebServer [restartedMain] Tomcat initialized with port(s): 8080 (http)
2023-04-20 23:43:39,718 INFO o.a.j.l.DirectJDKLog [restartedMain] Initializing ProtocolHandler ["http-nio-8080"]
2023-04-20 23:43:39,718 INFO o.a.j.l.DirectJDKLog [restartedMain] Starting service [Tomcat]
2023-04-20 23:43:39,718 INFO o.a.j.l.DirectJDKLog [restartedMain] Starting Servlet engine: [Apache Tomcat/9.0.64]
2023-04-20 23:43:39,772 INFO o.a.j.l.DirectJDKLog [restartedMain] At least one JAR was scanned for TLDs yet contained no TLDs. Enable debug logging for this logger for a complete list of JARs that were scanned but no TLDs were found in them. Skipping unneeded JARs during scanning can improve startup time and JSP compilation time.
2023-04-20 23:43:39,773 INFO o.a.j.l.DirectJDKLog [restartedMain] Initializing Spring embedded WebApplicationContext
2023-04-20 23:43:39,774 INFO o.s.b.w.s.c.ServletWebServerApplicationContext [restartedMain] Root WebApplicationContext: initialization completed in 224 ms
2023-04-20 23:43:39,799 INFO o.h.j.i.u.LogHelper [restartedMain] HHH000204: Processing PersistenceUnitInfo [name: default]
2023-04-20 23:43:39,803 INFO c.z.h.HikariDataSource [restartedMain] HikariPool-5 - Starting...
2023-04-20 23:43:39,805 INFO c.z.h.HikariDataSource [restartedMain] HikariPool-5 - Start completed.
2023-04-20 23:43:39,805 INFO o.h.d.Dialect [restartedMain] HHH000400: Using dialect: org.hibernate.dialect.MySQL5Dialect
2023-04-20 23:43:39,843 INFO o.h.e.t.j.p.i.JtaPlatformInitiator [restartedMain] HHH000490: Using JtaPlatform implementation: [org.hibernate.engine.transaction.jta.platform.internal.NoJtaPlatform]
2023-04-20 23:43:39,844 INFO o.s.o.j.AbstractEntityManagerFactoryBean [restartedMain] Initialized JPA EntityManagerFactory for persistence unit 'default'
2023-04-20 23:43:39,885 WARN o.s.b.a.o.j.JpaBaseConfiguration$JpaWebConfiguration [restartedMain] spring.jpa.open-in-view is enabled by default. Therefore, database queries may be performed during view rendering. Explicitly configure spring.jpa.open-in-view to disable this warning
2023-04-20 23:43:39,917 INFO o.s.s.w.DefaultSecurityFilterChain [restartedMain] Will secure any request with [org.springframework.security.web.context.request.async.WebAsyncManagerIntegrationFilter@549cac1e, org.springframework.security.web.context.SecurityContextPersistenceFilter@4400d19e, org.springframework.security.web.header.HeaderWriterFilter@247e7a61, org.springframework.security.web.csrf.CsrfFilter@6c7469df, org.springframework.security.web.authentication.logout.LogoutFilter@65ba260a, org.springframework.security.web.authentication.UsernamePasswordAuthenticationFilter@2179956, org.springframework.security.web.savedrequest.RequestCacheAwareFilter@5086e992, org.springframework.security.web.servletapi.SecurityContextHolderAwareRequestFilter@7fc3c91, org.springframework.security.web.authentication.AnonymousAuthenticationFilter@4c83733e, org.springframework.security.web.session.SessionManagementFilter@b756bbe, org.springframework.security.web.access.ExceptionTranslationFilter@2a07c2be, org.springframework.security.web.access.intercept.FilterSecurityInterceptor@2c5eb96f]
2023-04-20 23:43:39,950 INFO o.s.b.a.w.s.WelcomePageHandlerMapping [restartedMain] Adding welcome page template: index
2023-04-20 23:43:39,977 INFO o.s.b.d.a.OptionalLiveReloadServer [restartedMain] LiveReload server is running on port 35729
2023-04-20 23:43:39,982 INFO o.a.j.l.DirectJDKLog [restartedMain] Starting ProtocolHandler ["http-nio-8080"]
2023-04-20 23:43:39,985 INFO o.s.b.w.e.t.TomcatWebServer [restartedMain] Tomcat started on port(s): 8080 (http) with context path ''
2023-04-20 23:43:39,988 INFO o.s.b.StartupInfoLogger [restartedMain] Started CarsPortalApplication in 0.467 seconds (JVM running for 599.673)
2023-04-20 23:43:39,990 INFO o.s.b.d.a.ConditionEvaluationDeltaLoggingListener [restartedMain] Condition evaluation unchanged
2023-04-20 23:43:58,828 INFO o.a.j.l.DirectJDKLog [http-nio-8080-exec-1] Initializing Spring DispatcherServlet 'dispatcherServlet'
2023-04-20 23:43:58,828 INFO o.s.w.s.FrameworkServlet [http-nio-8080-exec-1] Initializing Servlet 'dispatcherServlet'
2023-04-20 23:43:58,829 INFO o.s.w.s.FrameworkServlet [http-nio-8080-exec-1] Completed initialization in 1 ms
