2023-04-20 23:04:21,514 INFO o.s.b.StartupInfoLogger [restartedMain] Starting CarsPortalApplication using Java 18.0.2.1 on LAPTOP-RBUQPOC8 with PID 23396 (C:\Users\LENOVO\Documents\MODULE 7 ADP\zeus\Cars-Portal\target\classes started by LENOVO in C:\Users\LENOVO\Documents\MODULE 7 ADP\zeus\Cars-Portal)
2023-04-20 23:04:21,519 DEBUG o.s.b.StartupInfoLogger [restartedMain] Running with Spring Boot v2.6.9, Spring v5.3.21
2023-04-20 23:04:21,520 INFO o.s.b.SpringApplication [restartedMain] No active profile set, falling back to 1 default profile: "default"
2023-04-20 23:04:21,551 INFO o.s.b.l.DeferredLog [restartedMain] Devtools property defaults active! Set 'spring.devtools.add-properties' to 'false' to disable
2023-04-20 23:04:21,551 INFO o.s.b.l.DeferredLog [restartedMain] For additional web related logging consider setting the 'logging.level.web' property to 'DEBUG'
2023-04-20 23:04:22,012 INFO o.s.d.r.c.RepositoryConfigurationDelegate [restartedMain] Bootstrapping Spring Data JPA repositories in DEFAULT mode.
2023-04-20 23:04:22,056 INFO o.s.d.r.c.RepositoryConfigurationDelegate [restartedMain] Finished Spring Data repository scanning in 38 ms. Found 2 JPA repository interfaces.
2023-04-20 23:04:22,532 INFO o.s.b.w.e.t.TomcatWebServer [restartedMain] Tomcat initialized with port(s): 8080 (http)
2023-04-20 23:04:22,540 INFO o.a.j.l.DirectJDKLog [restartedMain] Initializing ProtocolHandler ["http-nio-8080"]
2023-04-20 23:04:22,541 INFO o.a.j.l.DirectJDKLog [restartedMain] Starting service [Tomcat]
2023-04-20 23:04:22,541 INFO o.a.j.l.DirectJDKLog [restartedMain] Starting Servlet engine: [Apache Tomcat/9.0.64]
2023-04-20 23:04:22,702 INFO o.a.j.l.DirectJDKLog [restartedMain] At least one JAR was scanned for TLDs yet contained no TLDs. Enable debug logging for this logger for a complete list of JARs that were scanned but no TLDs were found in them. Skipping unneeded JARs during scanning can improve startup time and JSP compilation time.
2023-04-20 23:04:22,707 INFO o.a.j.l.DirectJDKLog [restartedMain] Initializing Spring embedded WebApplicationContext
2023-04-20 23:04:22,708 INFO o.s.b.w.s.c.ServletWebServerApplicationContext [restartedMain] Root WebApplicationContext: initialization completed in 1156 ms
2023-04-20 23:04:22,816 INFO o.h.j.i.u.LogHelper [restartedMain] HHH000204: Processing PersistenceUnitInfo [name: default]
2023-04-20 23:04:22,860 INFO o.h.Version [restartedMain] HHH000412: Hibernate ORM core version 5.6.9.Final
2023-04-20 23:04:22,953 INFO o.h.a.c.r.j.JavaReflectionManager [restartedMain] HCANN000001: Hibernate Commons Annotations {5.1.2.Final}
2023-04-20 23:04:23,019 INFO c.z.h.HikariDataSource [restartedMain] HikariPool-1 - Starting...
2023-04-20 23:04:23,118 INFO c.z.h.HikariDataSource [restartedMain] HikariPool-1 - Start completed.
2023-04-20 23:04:23,128 INFO o.h.d.Dialect [restartedMain] HHH000400: Using dialect: org.hibernate.dialect.MySQL5Dialect
2023-04-20 23:04:23,561 INFO o.h.e.t.j.p.i.JtaPlatformInitiator [restartedMain] HHH000490: Using JtaPlatform implementation: [org.hibernate.engine.transaction.jta.platform.internal.NoJtaPlatform]
2023-04-20 23:04:23,568 INFO o.s.o.j.AbstractEntityManagerFactoryBean [restartedMain] Initialized JPA EntityManagerFactory for persistence unit 'default'
2023-04-20 23:04:23,820 WARN o.s.b.a.o.j.JpaBaseConfiguration$JpaWebConfiguration [restartedMain] spring.jpa.open-in-view is enabled by default. Therefore, database queries may be performed during view rendering. Explicitly configure spring.jpa.open-in-view to disable this warning
2023-04-20 23:04:24,006 INFO o.s.s.w.DefaultSecurityFilterChain [restartedMain] Will secure any request with [org.springframework.security.web.context.request.async.WebAsyncManagerIntegrationFilter@43e82728, org.springframework.security.web.context.SecurityContextPersistenceFilter@171287a, org.springframework.security.web.header.HeaderWriterFilter@3912551c, org.springframework.security.web.authentication.logout.LogoutFilter@b3dabb8, org.springframework.security.web.authentication.UsernamePasswordAuthenticationFilter@54a0fe75, com.abc.security.SecurityConfig$2@77d0ee51, org.springframework.security.web.savedrequest.RequestCacheAwareFilter@24ab4f87, org.springframework.security.web.servletapi.SecurityContextHolderAwareRequestFilter@77d68302, org.springframework.security.web.authentication.AnonymousAuthenticationFilter@5d5f5cc8, org.springframework.security.web.session.SessionManagementFilter@3ec3f744, org.springframework.security.web.access.ExceptionTranslationFilter@319bcfc6, org.springframework.security.web.access.intercept.FilterSecurityInterceptor@3dbf64e4]
2023-04-20 23:04:24,140 INFO o.s.b.a.w.s.WelcomePageHandlerMapping [restartedMain] Adding welcome page template: index
2023-04-20 23:04:24,228 INFO o.s.b.d.a.OptionalLiveReloadServer [restartedMain] LiveReload server is running on port 35729
2023-04-20 23:04:24,241 INFO o.a.j.l.DirectJDKLog [restartedMain] Starting ProtocolHandler ["http-nio-8080"]
2023-04-20 23:04:24,264 INFO o.s.b.w.e.t.TomcatWebServer [restartedMain] Tomcat started on port(s): 8080 (http) with context path ''
2023-04-20 23:04:24,272 INFO o.s.b.StartupInfoLogger [restartedMain] Started CarsPortalApplication in 2.975 seconds (JVM running for 3.831)
2023-04-20 23:04:33,341 INFO o.a.j.l.DirectJDKLog [http-nio-8080-exec-1] Initializing Spring DispatcherServlet 'dispatcherServlet'
2023-04-20 23:04:33,342 INFO o.s.w.s.FrameworkServlet [http-nio-8080-exec-1] Initializing Servlet 'dispatcherServlet'
2023-04-20 23:04:33,342 INFO o.s.w.s.FrameworkServlet [http-nio-8080-exec-1] Completed initialization in 0 ms
