2023-05-02 13:46:31,782 INFO o.s.b.StartupInfoLogger [restartedMain] Starting CarsPortalApplication using Java 18.0.2.1 on LAPTOP-RBUQPOC8 with PID 17280 (C:\Users\LENOVO\Documents\MODULE 7 ADP\zeus\Cars-Portal\target\classes started by LENOVO in C:\Users\LENOVO\Documents\MODULE 7 ADP\zeus\Cars-Portal)
2023-05-02 13:46:31,787 DEBUG o.s.b.StartupInfoLogger [restartedMain] Running with Spring Boot v2.6.9, Spring v5.3.21
2023-05-02 13:46:31,788 INFO o.s.b.SpringApplication [restartedMain] No active profile set, falling back to 1 default profile: "default"
2023-05-02 13:46:31,816 INFO o.s.b.l.DeferredLog [restartedMain] Devtools property defaults active! Set 'spring.devtools.add-properties' to 'false' to disable
2023-05-02 13:46:31,816 INFO o.s.b.l.DeferredLog [restartedMain] For additional web related logging consider setting the 'logging.level.web' property to 'DEBUG'
2023-05-02 13:46:32,217 INFO o.s.d.r.c.RepositoryConfigurationDelegate [restartedMain] Bootstrapping Spring Data JPA repositories in DEFAULT mode.
2023-05-02 13:46:32,258 INFO o.s.d.r.c.RepositoryConfigurationDelegate [restartedMain] Finished Spring Data repository scanning in 36 ms. Found 4 JPA repository interfaces.
2023-05-02 13:46:32,754 INFO o.s.b.w.e.t.TomcatWebServer [restartedMain] Tomcat initialized with port(s): 8080 (http)
2023-05-02 13:46:32,761 INFO o.a.j.l.DirectJDKLog [restartedMain] Initializing ProtocolHandler ["http-nio-8080"]
2023-05-02 13:46:32,761 INFO o.a.j.l.DirectJDKLog [restartedMain] Starting service [Tomcat]
2023-05-02 13:46:32,762 INFO o.a.j.l.DirectJDKLog [restartedMain] Starting Servlet engine: [Apache Tomcat/9.0.64]
2023-05-02 13:46:32,914 INFO o.a.j.l.DirectJDKLog [restartedMain] At least one JAR was scanned for TLDs yet contained no TLDs. Enable debug logging for this logger for a complete list of JARs that were scanned but no TLDs were found in them. Skipping unneeded JARs during scanning can improve startup time and JSP compilation time.
2023-05-02 13:46:32,920 INFO o.a.j.l.DirectJDKLog [restartedMain] Initializing Spring embedded WebApplicationContext
2023-05-02 13:46:32,920 INFO o.s.b.w.s.c.ServletWebServerApplicationContext [restartedMain] Root WebApplicationContext: initialization completed in 1103 ms
2023-05-02 13:46:33,021 INFO o.h.j.i.u.LogHelper [restartedMain] HHH000204: Processing PersistenceUnitInfo [name: default]
2023-05-02 13:46:33,061 INFO o.h.Version [restartedMain] HHH000412: Hibernate ORM core version 5.6.9.Final
2023-05-02 13:46:33,169 INFO o.h.a.c.r.j.JavaReflectionManager [restartedMain] HCANN000001: Hibernate Commons Annotations {5.1.2.Final}
2023-05-02 13:46:33,233 INFO c.z.h.HikariDataSource [restartedMain] HikariPool-1 - Starting...
2023-05-02 13:46:33,327 INFO c.z.h.HikariDataSource [restartedMain] HikariPool-1 - Start completed.
2023-05-02 13:46:33,336 INFO o.h.d.Dialect [restartedMain] HHH000400: Using dialect: org.hibernate.dialect.MySQL5Dialect
2023-05-02 13:46:33,819 INFO o.h.e.t.j.p.i.JtaPlatformInitiator [restartedMain] HHH000490: Using JtaPlatform implementation: [org.hibernate.engine.transaction.jta.platform.internal.NoJtaPlatform]
2023-05-02 13:46:33,825 INFO o.s.o.j.AbstractEntityManagerFactoryBean [restartedMain] Initialized JPA EntityManagerFactory for persistence unit 'default'
2023-05-02 13:46:34,129 WARN o.s.b.a.o.j.JpaBaseConfiguration$JpaWebConfiguration [restartedMain] spring.jpa.open-in-view is enabled by default. Therefore, database queries may be performed during view rendering. Explicitly configure spring.jpa.open-in-view to disable this warning
2023-05-02 13:46:34,275 INFO o.s.s.w.DefaultSecurityFilterChain [restartedMain] Will secure any request with [org.springframework.security.web.context.request.async.WebAsyncManagerIntegrationFilter@76e13e8e, org.springframework.security.web.context.SecurityContextPersistenceFilter@2afac30f, org.springframework.security.web.header.HeaderWriterFilter@42195977, org.springframework.security.web.csrf.CsrfFilter@602b6ff5, org.springframework.security.web.authentication.logout.LogoutFilter@76c9800e, org.springframework.security.web.authentication.UsernamePasswordAuthenticationFilter@3db8b507, org.springframework.security.web.savedrequest.RequestCacheAwareFilter@6ee468eb, org.springframework.security.web.servletapi.SecurityContextHolderAwareRequestFilter@2acbe1c7, org.springframework.security.web.authentication.AnonymousAuthenticationFilter@75d45b28, org.springframework.security.web.session.SessionManagementFilter@5fa874bb, org.springframework.security.web.access.ExceptionTranslationFilter@2b409684, org.springframework.security.web.access.intercept.FilterSecurityInterceptor@745d8416]
2023-05-02 13:46:34,397 INFO o.s.b.a.w.s.WelcomePageHandlerMapping [restartedMain] Adding welcome page template: index
2023-05-02 13:46:34,477 INFO o.s.b.d.a.OptionalLiveReloadServer [restartedMain] LiveReload server is running on port 35729
2023-05-02 13:46:34,489 INFO o.a.j.l.DirectJDKLog [restartedMain] Starting ProtocolHandler ["http-nio-8080"]
2023-05-02 13:46:34,511 INFO o.s.b.w.e.t.TomcatWebServer [restartedMain] Tomcat started on port(s): 8080 (http) with context path ''
2023-05-02 13:46:34,519 INFO o.s.b.StartupInfoLogger [restartedMain] Started CarsPortalApplication in 2.945 seconds (JVM running for 3.61)
2023-05-02 13:47:41,429 INFO o.a.j.l.DirectJDKLog [http-nio-8080-exec-1] Initializing Spring DispatcherServlet 'dispatcherServlet'
2023-05-02 13:47:41,430 INFO o.s.w.s.FrameworkServlet [http-nio-8080-exec-1] Initializing Servlet 'dispatcherServlet'
2023-05-02 13:47:41,431 INFO o.s.w.s.FrameworkServlet [http-nio-8080-exec-1] Completed initialization in 1 ms
2023-05-02 13:48:21,691 INFO o.s.b.a.SpringApplicationAdminMXBeanRegistrar$SpringApplicationAdmin [RMI TCP Connection(2)-127.0.0.1] Application shutdown requested.
2023-05-02 13:48:21,710 INFO o.s.o.j.AbstractEntityManagerFactoryBean [RMI TCP Connection(2)-127.0.0.1] Closing JPA EntityManagerFactory for persistence unit 'default'
2023-05-02 13:48:21,712 INFO c.z.h.HikariDataSource [RMI TCP Connection(2)-127.0.0.1] HikariPool-1 - Shutdown initiated...
2023-05-02 13:48:21,716 INFO c.z.h.HikariDataSource [RMI TCP Connection(2)-127.0.0.1] HikariPool-1 - Shutdown completed.
