2023-05-04 17:05:09,813 INFO o.s.b.StartupInfoLogger [restartedMain] Starting CarsPortalApplication using Java 18.0.2.1 on LAPTOP-RBUQPOC8 with PID 23508 (C:\Users\LENOVO\Documents\MODULE 7 ADP\zeus\Cars-Portal\target\classes started by LENOVO in C:\Users\LENOVO\Documents\MODULE 7 ADP\zeus\Cars-Portal)
2023-05-04 17:05:09,820 DEBUG o.s.b.StartupInfoLogger [restartedMain] Running with Spring Boot v2.6.9, Spring v5.3.21
2023-05-04 17:05:09,821 INFO o.s.b.SpringApplication [restartedMain] No active profile set, falling back to 1 default profile: "default"
2023-05-04 17:05:09,858 INFO o.s.b.l.DeferredLog [restartedMain] Devtools property defaults active! Set 'spring.devtools.add-properties' to 'false' to disable
2023-05-04 17:05:09,858 INFO o.s.b.l.DeferredLog [restartedMain] For additional web related logging consider setting the 'logging.level.web' property to 'DEBUG'
2023-05-04 17:05:10,370 INFO o.s.d.r.c.RepositoryConfigurationDelegate [restartedMain] Bootstrapping Spring Data JPA repositories in DEFAULT mode.
2023-05-04 17:05:10,420 INFO o.s.d.r.c.RepositoryConfigurationDelegate [restartedMain] Finished Spring Data repository scanning in 41 ms. Found 4 JPA repository interfaces.
2023-05-04 17:05:10,960 INFO o.s.b.w.e.t.TomcatWebServer [restartedMain] Tomcat initialized with port(s): 8080 (http)
2023-05-04 17:05:10,967 INFO o.a.j.l.DirectJDKLog [restartedMain] Initializing ProtocolHandler ["http-nio-8080"]
2023-05-04 17:05:10,967 INFO o.a.j.l.DirectJDKLog [restartedMain] Starting service [Tomcat]
2023-05-04 17:05:10,968 INFO o.a.j.l.DirectJDKLog [restartedMain] Starting Servlet engine: [Apache Tomcat/9.0.64]
2023-05-04 17:05:11,137 INFO o.a.j.l.DirectJDKLog [restartedMain] At least one JAR was scanned for TLDs yet contained no TLDs. Enable debug logging for this logger for a complete list of JARs that were scanned but no TLDs were found in them. Skipping unneeded JARs during scanning can improve startup time and JSP compilation time.
2023-05-04 17:05:11,143 INFO o.a.j.l.DirectJDKLog [restartedMain] Initializing Spring embedded WebApplicationContext
2023-05-04 17:05:11,143 INFO o.s.b.w.s.c.ServletWebServerApplicationContext [restartedMain] Root WebApplicationContext: initialization completed in 1284 ms
2023-05-04 17:05:11,258 INFO o.h.j.i.u.LogHelper [restartedMain] HHH000204: Processing PersistenceUnitInfo [name: default]
2023-05-04 17:05:11,303 INFO o.h.Version [restartedMain] HHH000412: Hibernate ORM core version 5.6.9.Final
2023-05-04 17:05:11,397 INFO o.h.a.c.r.j.JavaReflectionManager [restartedMain] HCANN000001: Hibernate Commons Annotations {5.1.2.Final}
2023-05-04 17:05:11,473 INFO c.z.h.HikariDataSource [restartedMain] HikariPool-1 - Starting...
2023-05-04 17:05:11,587 INFO c.z.h.HikariDataSource [restartedMain] HikariPool-1 - Start completed.
2023-05-04 17:05:11,596 INFO o.h.d.Dialect [restartedMain] HHH000400: Using dialect: org.hibernate.dialect.MySQL5Dialect
2023-05-04 17:05:12,105 INFO o.h.e.t.j.p.i.JtaPlatformInitiator [restartedMain] HHH000490: Using JtaPlatform implementation: [org.hibernate.engine.transaction.jta.platform.internal.NoJtaPlatform]
2023-05-04 17:05:12,112 INFO o.s.o.j.AbstractEntityManagerFactoryBean [restartedMain] Initialized JPA EntityManagerFactory for persistence unit 'default'
2023-05-04 17:05:12,451 WARN o.s.b.a.o.j.JpaBaseConfiguration$JpaWebConfiguration [restartedMain] spring.jpa.open-in-view is enabled by default. Therefore, database queries may be performed during view rendering. Explicitly configure spring.jpa.open-in-view to disable this warning
2023-05-04 17:05:12,628 INFO o.s.s.w.DefaultSecurityFilterChain [restartedMain] Will secure any request with [org.springframework.security.web.context.request.async.WebAsyncManagerIntegrationFilter@4d92ad07, org.springframework.security.web.context.SecurityContextPersistenceFilter@53365e23, org.springframework.security.web.header.HeaderWriterFilter@740e9565, org.springframework.security.web.csrf.CsrfFilter@3d5b8a9b, org.springframework.security.web.authentication.logout.LogoutFilter@5b60ac73, org.springframework.security.web.authentication.UsernamePasswordAuthenticationFilter@2968e6a9, org.springframework.security.web.savedrequest.RequestCacheAwareFilter@57bf95ad, org.springframework.security.web.servletapi.SecurityContextHolderAwareRequestFilter@560fdb9c, org.springframework.security.web.authentication.AnonymousAuthenticationFilter@584c476d, org.springframework.security.web.session.SessionManagementFilter@1181fdee, org.springframework.security.web.access.ExceptionTranslationFilter@e5e4cb4, org.springframework.security.web.access.intercept.FilterSecurityInterceptor@2793ab94]
2023-05-04 17:05:12,769 INFO o.s.b.a.w.s.WelcomePageHandlerMapping [restartedMain] Adding welcome page template: index
2023-05-04 17:05:12,864 INFO o.s.b.d.a.OptionalLiveReloadServer [restartedMain] LiveReload server is running on port 35729
2023-05-04 17:05:12,877 INFO o.a.j.l.DirectJDKLog [restartedMain] Starting ProtocolHandler ["http-nio-8080"]
2023-05-04 17:05:12,904 INFO o.s.b.w.e.t.TomcatWebServer [restartedMain] Tomcat started on port(s): 8080 (http) with context path ''
2023-05-04 17:05:12,913 INFO o.s.b.StartupInfoLogger [restartedMain] Started CarsPortalApplication in 3.357 seconds (JVM running for 4.2)
2023-05-04 17:05:19,645 INFO o.a.j.l.DirectJDKLog [http-nio-8080-exec-1] Initializing Spring DispatcherServlet 'dispatcherServlet'
2023-05-04 17:05:19,645 INFO o.s.w.s.FrameworkServlet [http-nio-8080-exec-1] Initializing Servlet 'dispatcherServlet'
2023-05-04 17:05:19,646 INFO o.s.w.s.FrameworkServlet [http-nio-8080-exec-1] Completed initialization in 1 ms
2023-05-04 17:10:03,884 INFO o.s.b.a.SpringApplicationAdminMXBeanRegistrar$SpringApplicationAdmin [RMI TCP Connection(2)-127.0.0.1] Application shutdown requested.
2023-05-04 17:10:03,913 INFO o.s.o.j.AbstractEntityManagerFactoryBean [RMI TCP Connection(2)-127.0.0.1] Closing JPA EntityManagerFactory for persistence unit 'default'
2023-05-04 17:10:03,916 INFO c.z.h.HikariDataSource [RMI TCP Connection(2)-127.0.0.1] HikariPool-1 - Shutdown initiated...
2023-05-04 17:10:03,921 INFO c.z.h.HikariDataSource [RMI TCP Connection(2)-127.0.0.1] HikariPool-1 - Shutdown completed.
