2023-05-04 17:49:19,287 INFO o.s.b.StartupInfoLogger [restartedMain] Starting CarsPortalApplication using Java 18.0.2.1 on LAPTOP-RBUQPOC8 with PID 20712 (C:\Users\LENOVO\Documents\MODULE 7 ADP\zeus\Cars-Portal\target\classes started by LENOVO in C:\Users\LENOVO\Documents\MODULE 7 ADP\zeus\Cars-Portal)
2023-05-04 17:49:19,293 DEBUG o.s.b.StartupInfoLogger [restartedMain] Running with Spring Boot v2.6.9, Spring v5.3.21
2023-05-04 17:49:19,294 INFO o.s.b.SpringApplication [restartedMain] No active profile set, falling back to 1 default profile: "default"
2023-05-04 17:49:19,330 INFO o.s.b.l.DeferredLog [restartedMain] Devtools property defaults active! Set 'spring.devtools.add-properties' to 'false' to disable
2023-05-04 17:49:19,330 INFO o.s.b.l.DeferredLog [restartedMain] For additional web related logging consider setting the 'logging.level.web' property to 'DEBUG'
2023-05-04 17:49:19,829 INFO o.s.d.r.c.RepositoryConfigurationDelegate [restartedMain] Bootstrapping Spring Data JPA repositories in DEFAULT mode.
2023-05-04 17:49:19,878 INFO o.s.d.r.c.RepositoryConfigurationDelegate [restartedMain] Finished Spring Data repository scanning in 41 ms. Found 4 JPA repository interfaces.
2023-05-04 17:49:20,399 INFO o.s.b.w.e.t.TomcatWebServer [restartedMain] Tomcat initialized with port(s): 8080 (http)
2023-05-04 17:49:20,407 INFO o.a.j.l.DirectJDKLog [restartedMain] Initializing ProtocolHandler ["http-nio-8080"]
2023-05-04 17:49:20,407 INFO o.a.j.l.DirectJDKLog [restartedMain] Starting service [Tomcat]
2023-05-04 17:49:20,407 INFO o.a.j.l.DirectJDKLog [restartedMain] Starting Servlet engine: [Apache Tomcat/9.0.64]
2023-05-04 17:49:20,575 INFO o.a.j.l.DirectJDKLog [restartedMain] At least one JAR was scanned for TLDs yet contained no TLDs. Enable debug logging for this logger for a complete list of JARs that were scanned but no TLDs were found in them. Skipping unneeded JARs during scanning can improve startup time and JSP compilation time.
2023-05-04 17:49:20,581 INFO o.a.j.l.DirectJDKLog [restartedMain] Initializing Spring embedded WebApplicationContext
2023-05-04 17:49:20,581 INFO o.s.b.w.s.c.ServletWebServerApplicationContext [restartedMain] Root WebApplicationContext: initialization completed in 1250 ms
2023-05-04 17:49:20,715 INFO o.h.j.i.u.LogHelper [restartedMain] HHH000204: Processing PersistenceUnitInfo [name: default]
2023-05-04 17:49:20,760 INFO o.h.Version [restartedMain] HHH000412: Hibernate ORM core version 5.6.9.Final
2023-05-04 17:49:20,849 INFO o.h.a.c.r.j.JavaReflectionManager [restartedMain] HCANN000001: Hibernate Commons Annotations {5.1.2.Final}
2023-05-04 17:49:20,921 INFO c.z.h.HikariDataSource [restartedMain] HikariPool-1 - Starting...
2023-05-04 17:49:21,031 INFO c.z.h.HikariDataSource [restartedMain] HikariPool-1 - Start completed.
2023-05-04 17:49:21,040 INFO o.h.d.Dialect [restartedMain] HHH000400: Using dialect: org.hibernate.dialect.MySQL5Dialect
2023-05-04 17:49:21,536 INFO o.h.e.t.j.p.i.JtaPlatformInitiator [restartedMain] HHH000490: Using JtaPlatform implementation: [org.hibernate.engine.transaction.jta.platform.internal.NoJtaPlatform]
2023-05-04 17:49:21,543 INFO o.s.o.j.AbstractEntityManagerFactoryBean [restartedMain] Initialized JPA EntityManagerFactory for persistence unit 'default'
2023-05-04 17:49:21,883 WARN o.s.b.a.o.j.JpaBaseConfiguration$JpaWebConfiguration [restartedMain] spring.jpa.open-in-view is enabled by default. Therefore, database queries may be performed during view rendering. Explicitly configure spring.jpa.open-in-view to disable this warning
2023-05-04 17:49:22,058 INFO o.s.s.w.DefaultSecurityFilterChain [restartedMain] Will secure any request with [org.springframework.security.web.context.request.async.WebAsyncManagerIntegrationFilter@4e4a95ad, org.springframework.security.web.context.SecurityContextPersistenceFilter@35869c16, org.springframework.security.web.header.HeaderWriterFilter@213b24d4, org.springframework.security.web.csrf.CsrfFilter@190367dc, org.springframework.security.web.authentication.logout.LogoutFilter@635ccd05, org.springframework.security.web.authentication.UsernamePasswordAuthenticationFilter@4536c04a, org.springframework.security.web.savedrequest.RequestCacheAwareFilter@dfc597, org.springframework.security.web.servletapi.SecurityContextHolderAwareRequestFilter@886cfb8, org.springframework.security.web.authentication.AnonymousAuthenticationFilter@7c17ec5b, org.springframework.security.web.session.SessionManagementFilter@511b8c47, org.springframework.security.web.access.ExceptionTranslationFilter@718a6006, org.springframework.security.web.access.intercept.FilterSecurityInterceptor@6ade9d47]
2023-05-04 17:49:22,189 INFO o.s.b.a.w.s.WelcomePageHandlerMapping [restartedMain] Adding welcome page template: index
2023-05-04 17:49:22,285 INFO o.s.b.d.a.OptionalLiveReloadServer [restartedMain] LiveReload server is running on port 35729
2023-05-04 17:49:22,297 INFO o.a.j.l.DirectJDKLog [restartedMain] Starting ProtocolHandler ["http-nio-8080"]
2023-05-04 17:49:22,320 INFO o.s.b.w.e.t.TomcatWebServer [restartedMain] Tomcat started on port(s): 8080 (http) with context path ''
2023-05-04 17:49:22,328 INFO o.s.b.StartupInfoLogger [restartedMain] Started CarsPortalApplication in 3.3 seconds (JVM running for 4.146)
2023-05-04 17:49:28,715 INFO o.a.j.l.DirectJDKLog [http-nio-8080-exec-1] Initializing Spring DispatcherServlet 'dispatcherServlet'
2023-05-04 17:49:28,715 INFO o.s.w.s.FrameworkServlet [http-nio-8080-exec-1] Initializing Servlet 'dispatcherServlet'
2023-05-04 17:49:28,716 INFO o.s.w.s.FrameworkServlet [http-nio-8080-exec-1] Completed initialization in 1 ms
2023-05-04 17:52:17,405 INFO c.a.c.LoginController [http-nio-8080-exec-7] before calling Service to save user info
2023-05-04 17:52:17,587 INFO c.a.c.LoginController [http-nio-8080-exec-7] after calling Service to save user info
2023-05-04 20:08:28,535 WARN o.s.w.s.h.AbstractHandlerExceptionResolver [http-nio-8080-exec-5] Resolved [org.springframework.web.HttpRequestMethodNotSupportedException: Request method 'POST' not supported]
2023-05-04 22:42:30,084 WARN o.s.w.s.h.AbstractHandlerExceptionResolver [http-nio-8080-exec-3] Resolved [org.springframework.web.HttpRequestMethodNotSupportedException: Request method 'POST' not supported]
