2023-06-22 09:20:55,779 INFO o.s.b.StartupInfoLogger [restartedMain] Starting CarsPortalApplication using Java 18.0.2.1 on LAPTOP-RBUQPOC8 with PID 17716 (C:\Users\LENOVO\Documents\MODULE 7 ADP\zeus\Cars-Portal\target\classes started by LENOVO in C:\Users\LENOVO\Documents\MODULE 7 ADP\zeus\Cars-Portal)
2023-06-22 09:20:55,791 DEBUG o.s.b.StartupInfoLogger [restartedMain] Running with Spring Boot v2.6.9, Spring v5.3.21
2023-06-22 09:20:55,792 INFO o.s.b.SpringApplication [restartedMain] No active profile set, falling back to 1 default profile: "default"
2023-06-22 09:20:55,861 INFO o.s.b.l.DeferredLog [restartedMain] Devtools property defaults active! Set 'spring.devtools.add-properties' to 'false' to disable
2023-06-22 09:20:55,862 INFO o.s.b.l.DeferredLog [restartedMain] For additional web related logging consider setting the 'logging.level.web' property to 'DEBUG'
2023-06-22 09:20:56,872 INFO o.s.d.r.c.RepositoryConfigurationDelegate [restartedMain] Bootstrapping Spring Data JPA repositories in DEFAULT mode.
2023-06-22 09:20:56,960 INFO o.s.d.r.c.RepositoryConfigurationDelegate [restartedMain] Finished Spring Data repository scanning in 78 ms. Found 4 JPA repository interfaces.
2023-06-22 09:20:57,998 INFO o.s.b.w.e.t.TomcatWebServer [restartedMain] Tomcat initialized with port(s): 8080 (http)
2023-06-22 09:20:58,013 INFO o.a.j.l.DirectJDKLog [restartedMain] Initializing ProtocolHandler ["http-nio-8080"]
2023-06-22 09:20:58,014 INFO o.a.j.l.DirectJDKLog [restartedMain] Starting service [Tomcat]
2023-06-22 09:20:58,015 INFO o.a.j.l.DirectJDKLog [restartedMain] Starting Servlet engine: [Apache Tomcat/9.0.64]
2023-06-22 09:20:58,331 INFO o.a.j.l.DirectJDKLog [restartedMain] At least one JAR was scanned for TLDs yet contained no TLDs. Enable debug logging for this logger for a complete list of JARs that were scanned but no TLDs were found in them. Skipping unneeded JARs during scanning can improve startup time and JSP compilation time.
2023-06-22 09:20:58,342 INFO o.a.j.l.DirectJDKLog [restartedMain] Initializing Spring embedded WebApplicationContext
2023-06-22 09:20:58,343 INFO o.s.b.w.s.c.ServletWebServerApplicationContext [restartedMain] Root WebApplicationContext: initialization completed in 2480 ms
2023-06-22 09:20:58,566 INFO o.h.j.i.u.LogHelper [restartedMain] HHH000204: Processing PersistenceUnitInfo [name: default]
2023-06-22 09:20:58,641 INFO o.h.Version [restartedMain] HHH000412: Hibernate ORM core version 5.6.9.Final
2023-06-22 09:20:58,846 INFO o.h.a.c.r.j.JavaReflectionManager [restartedMain] HCANN000001: Hibernate Commons Annotations {5.1.2.Final}
2023-06-22 09:20:58,982 INFO c.z.h.HikariDataSource [restartedMain] HikariPool-1 - Starting...
2023-06-22 09:20:59,261 INFO c.z.h.HikariDataSource [restartedMain] HikariPool-1 - Start completed.
2023-06-22 09:20:59,281 INFO o.h.d.Dialect [restartedMain] HHH000400: Using dialect: org.hibernate.dialect.MySQL5Dialect
2023-06-22 09:21:00,295 INFO o.h.e.t.j.p.i.JtaPlatformInitiator [restartedMain] HHH000490: Using JtaPlatform implementation: [org.hibernate.engine.transaction.jta.platform.internal.NoJtaPlatform]
2023-06-22 09:21:00,305 INFO o.s.o.j.AbstractEntityManagerFactoryBean [restartedMain] Initialized JPA EntityManagerFactory for persistence unit 'default'
2023-06-22 09:21:01,045 WARN o.s.b.a.o.j.JpaBaseConfiguration$JpaWebConfiguration [restartedMain] spring.jpa.open-in-view is enabled by default. Therefore, database queries may be performed during view rendering. Explicitly configure spring.jpa.open-in-view to disable this warning
2023-06-22 09:21:01,405 INFO o.s.s.w.DefaultSecurityFilterChain [restartedMain] Will secure any request with [org.springframework.security.web.context.request.async.WebAsyncManagerIntegrationFilter@4ecc1e99, org.springframework.security.web.context.SecurityContextPersistenceFilter@7a3952b2, org.springframework.security.web.header.HeaderWriterFilter@584d8970, org.springframework.security.web.csrf.CsrfFilter@6e291b0e, org.springframework.security.web.authentication.logout.LogoutFilter@76e13e8e, org.springframework.security.web.authentication.UsernamePasswordAuthenticationFilter@75d45b28, org.springframework.security.web.savedrequest.RequestCacheAwareFilter@598f12f0, org.springframework.security.web.servletapi.SecurityContextHolderAwareRequestFilter@3e590af4, org.springframework.security.web.authentication.AnonymousAuthenticationFilter@17e21c65, org.springframework.security.web.session.SessionManagementFilter@7e94f031, org.springframework.security.web.access.ExceptionTranslationFilter@11474d31, org.springframework.security.web.access.intercept.FilterSecurityInterceptor@120c5a30]
2023-06-22 09:21:01,681 INFO o.s.b.a.w.s.WelcomePageHandlerMapping [restartedMain] Adding welcome page template: index
2023-06-22 09:21:01,906 INFO o.s.b.d.a.OptionalLiveReloadServer [restartedMain] LiveReload server is running on port 35729
2023-06-22 09:21:01,933 INFO o.a.j.l.DirectJDKLog [restartedMain] Starting ProtocolHandler ["http-nio-8080"]
2023-06-22 09:21:01,974 INFO o.s.b.w.e.t.TomcatWebServer [restartedMain] Tomcat started on port(s): 8080 (http) with context path ''
2023-06-22 09:21:01,988 INFO o.s.b.StartupInfoLogger [restartedMain] Started CarsPortalApplication in 6.692 seconds (JVM running for 8.228)
2023-06-22 09:21:12,467 INFO o.a.j.l.DirectJDKLog [http-nio-8080-exec-1] A cookie header was received [g_state={"i_l":0};] that contained an invalid cookie. That cookie will be ignored.
 Note: further occurrences of this error will be logged at DEBUG level.
2023-06-22 09:21:12,476 INFO o.a.j.l.DirectJDKLog [http-nio-8080-exec-1] Initializing Spring DispatcherServlet 'dispatcherServlet'
2023-06-22 09:21:12,477 INFO o.s.w.s.FrameworkServlet [http-nio-8080-exec-1] Initializing Servlet 'dispatcherServlet'
2023-06-22 09:21:12,478 INFO o.s.w.s.FrameworkServlet [http-nio-8080-exec-1] Completed initialization in 1 ms
2023-06-22 09:28:15,690 INFO o.s.b.a.SpringApplicationAdminMXBeanRegistrar$SpringApplicationAdmin [RMI TCP Connection(2)-127.0.0.1] Application shutdown requested.
2023-06-22 09:28:15,832 INFO o.s.o.j.AbstractEntityManagerFactoryBean [RMI TCP Connection(2)-127.0.0.1] Closing JPA EntityManagerFactory for persistence unit 'default'
2023-06-22 09:28:15,847 INFO c.z.h.HikariDataSource [RMI TCP Connection(2)-127.0.0.1] HikariPool-1 - Shutdown initiated...
2023-06-22 09:28:15,869 INFO c.z.h.HikariDataSource [RMI TCP Connection(2)-127.0.0.1] HikariPool-1 - Shutdown completed.
